
[31m~*~ USING CENTRALITY TABLE FOR PbPb 2018 ~*~[0m

DEBUG 2018-11-29 21:51:21,162: 	 Executing command: 'submit'
DEBUG 2018-11-29 21:51:21,165: 	 Found CRAB cache file /afs/cern.ch/user/p/prabhat/.crab3
DEBUG 2018-11-29 21:51:21,246: 	 Checking credentials
DEBUG 2018-11-29 21:51:21,246: 	 Found proxy file /tmp/x509up_u36946
DEBUG 2018-11-29 21:51:21,246: 	 Getting proxy life time left
DEBUG 2018-11-29 21:51:22,153: 	 Executing : 
 command : voms-proxy-info -file /tmp/x509up_u36946 -timeleft
 output : 43185

 error: 
 retcode : 0
DEBUG 2018-11-29 21:51:22,960: 	 Executing : 
 command : voms-proxy-info -file /tmp/x509up_u36946 -actimeleft
 output : 
 error: No VOMS attributes found!

 retcode : 1
DEBUG 2018-11-29 21:51:22,960: 	 Proxy valid for 00:00:00 hours
DEBUG 2018-11-29 21:51:22,960: 	 Creating new proxy for 24:00 hours with VO group '' and VO role 'NULL'.
DEBUG 2018-11-29 21:51:30,284: 	 Executing : 
 command : voms-proxy-init -voms cms:/cms -valid 24:00 -rfc
 output : None
 error: None
 retcode : 0
DEBUG 2018-11-29 21:51:31,091: 	 Executing : 
 command : voms-proxy-info -file /tmp/x509up_u36946 -timeleft
 output : 86397

 error: 
 retcode : 0
DEBUG 2018-11-29 21:51:31,901: 	 Executing : 
 command : voms-proxy-info -file /tmp/x509up_u36946 -actimeleft
 output : 86397

 error: 
 retcode : 0
DEBUG 2018-11-29 21:51:32,707: 	 Executing : 
 command : env X509_USER_PROXY=/tmp/x509up_u36946 voms-proxy-info -fqan
 output : /cms/Role=NULL/Capability=NULL

 error: 
 retcode : 0
DEBUG 2018-11-29 21:51:32,708: 	 Proxy created.
DEBUG 2018-11-29 21:51:32,709: 	 Will use CRAB Analysis plugin (i.e. will run an analysis job type).
DEBUG 2018-11-29 21:51:32,850: 	 Executing : 
 command : openssl x509 -in ~/.globus/usercert.pem -subject -noout
 output : subject= /DC=ch/DC=cern/OU=Organic Units/OU=Users/CN=prabhat/CN=665656/CN=Prabhat Ranjan Pujahari

 error: 
 retcode : 0
DEBUG 2018-11-29 21:51:32,850: 	 Checking credentials
DEBUG 2018-11-29 21:51:32,851: 	 Found proxy file /tmp/x509up_u36946
DEBUG 2018-11-29 21:51:32,851: 	 Getting proxy life time left
DEBUG 2018-11-29 21:51:33,667: 	 Executing : 
 command : voms-proxy-info -file /tmp/x509up_u36946 -timeleft
 output : 86395

 error: 
 retcode : 0
DEBUG 2018-11-29 21:51:34,473: 	 Executing : 
 command : voms-proxy-info -file /tmp/x509up_u36946 -actimeleft
 output : 86394

 error: 
 retcode : 0
DEBUG 2018-11-29 21:51:34,475: 	 Proxy valid for 23:59:55 hours
DEBUG 2018-11-29 21:51:35,292: 	 Executing : 
 command : env X509_USER_PROXY=/tmp/x509up_u36946 voms-proxy-info -fqan
 output : /cms/Role=NULL/Capability=NULL

 error: 
 retcode : 0
DEBUG 2018-11-29 21:51:35,709: 	 Registering user credentials for server /DC=ch/DC=cern/OU=computers/CN=vocms(052|058|030|0118|0105|0109).cern.ch|/DC=ch/DC=cern/OU=computers/CN=crab-(preprod|prod)-tw(02|01).cern.ch
DEBUG 2018-11-29 21:51:35,828: 	 Executing : 
 command : openssl x509 -in ~/.globus/usercert.pem -subject -noout
 output : subject= /DC=ch/DC=cern/OU=Organic Units/OU=Users/CN=prabhat/CN=665656/CN=Prabhat Ranjan Pujahari

 error: 
 retcode : 0
DEBUG 2018-11-29 21:51:35,829: 	 Getting myproxy life time left for myproxy.cern.ch
DEBUG 2018-11-29 21:51:35,829: 	 Calculating hash of /DC=ch/DC=cern/OU=Organic Units/OU=Users/CN=prabhat/CN=665656/CN=Prabhat Ranjan Pujahari_cmsweb.cern.ch for credential name
DEBUG 2018-11-29 21:51:36,235: 	 Executing : 
 command : myproxy-info -l f7df78ce5917e56ba6928e0b2bdbc93f09151c90 -s myproxy.cern.ch
 output : username: f7df78ce5917e56ba6928e0b2bdbc93f09151c90
owner: /DC=ch/DC=cern/OU=Organic Units/OU=Users/CN=prabhat/CN=665656/CN=Prabhat Ranjan Pujahari
  renewal policy: /DC=ch/DC=cern/OU=computers/CN=vocms(052|058|030|0118|0105|0109).cern.ch|/DC=ch/DC=cern/OU=computers/CN=crab-(preprod|prod)-tw(02|01).cern.ch
  trusted retrieval policy: /DC=ch/DC=cern/OU=computers/CN=vocms(052|058|030|0118|0105|0109).cern.ch|/DC=ch/DC=cern/OU=computers/CN=crab-(preprod|prod)-tw(02|01).cern.ch
  timeleft: 667:24:24  (27.8 days)

 error: 
 retcode : 0
DEBUG 2018-11-29 21:51:36,236: 	 Myproxy is valid: 2402664
DEBUG 2018-11-29 21:51:36,236: 	 Command use: submit
DEBUG 2018-11-29 21:51:36,236: 	 Options use: ['--config', <WMCore.Configuration.Configuration object at 0x7f2683453410>]
DEBUG 2018-11-29 21:51:36,672: 	 CRABClient version: 3.3.1809
DEBUG 2018-11-29 21:51:36,672: 	 Instance is prod
DEBUG 2018-11-29 21:51:36,672: 	 Server base url is cmsweb.cern.ch
DEBUG 2018-11-29 21:51:36,672: 	 Command url /crabserver/prod/workflow
DEBUG 2018-11-29 21:51:36,672: 	 Started submission
DEBUG 2018-11-29 21:51:36,672: 	 Working on /afs/cern.ch/user/p/prabhat/CMSSW_10_3_1/src/Analyzers/ChargeDepAndPtCorr/crab/Ana_QAplots_PbPb2018data_Cent3035/crab_PbPb2015_pixelReReco_chgdepcorr_std_central_v1
DEBUG 2018-11-29 21:51:37,189: 	 Loading required information from the environment
DEBUG 2018-11-29 21:51:37,189: 	 Found CMSSW_10_3_1 for slc6_amd64_gcc700 with base /afs/cern.ch/user/p/prabhat/CMSSW_10_3_1
DEBUG 2018-11-29 21:51:37,189: 	 Loading required information from the environment
DEBUG 2018-11-29 21:51:37,189: 	 Found CMSSW_10_3_1 for slc6_amd64_gcc700 with base /afs/cern.ch/user/p/prabhat/CMSSW_10_3_1
DEBUG 2018-11-29 21:51:37,224: 	 UNIQUE NAME: tarUUID 8bdd5efe-959c-4f72-a004-240eb27ce8b2 
DEBUG 2018-11-29 21:51:37,225: 	 self.config: from WMCore.Configuration import Configuration
config = Configuration()
config.section_('General')
config.General.transferLogs = False
config.General.transferOutputs = True
config.General.workArea = 'Ana_QAplots_PbPb2018data_Cent3035'
config.General.requestName = 'PbPb2015_pixelReReco_chgdepcorr_std_central_v1'
config.section_('JobType')
config.JobType.psetName = '../cfg/chargedepptcorr_central_cfg.py'
config.JobType.pluginName = 'Analysis'
config.JobType.maxMemoryMB = 4000
config.section_('Data')
config.Data.inputDataset = '/HIMinimumBias3/HIRun2018A-PromptReco-v1/AOD'
config.Data.outputDatasetTag = 'Ana_QAplots_PbPb2018_v1'
config.Data.publication = False
config.Data.unitsPerJob = 40
config.Data.splitting = 'LumiBased'
config.Data.inputDBS = 'global'
config.Data.outLFNDirBase = '/store/user/prabhat/'
config.Data.totalUnits = -1
config.section_('Site')
config.Site.storageSite = 'T2_IN_TIFR'
config.section_('User')
config.section_('Debug')

DEBUG 2018-11-29 21:51:37,225: 	 self.config.JobType.psetName: ../cfg/chargedepptcorr_central_cfg.py
INFO 2018-11-29 21:51:37,225: 	 Importing CMSSW configuration ../cfg/chargedepptcorr_central_cfg.py
INFO 2018-11-29 21:51:42,221: 	 Finished importing CMSSW configuration ../cfg/chargedepptcorr_central_cfg.py
DEBUG 2018-11-29 21:51:42,222: 	 Writing CMSSW configuration to /afs/cern.ch/user/p/prabhat/CMSSW_10_3_1/src/Analyzers/ChargeDepAndPtCorr/crab/Ana_QAplots_PbPb2018data_Cent3035/crab_PbPb2015_pixelReReco_chgdepcorr_std_central_v1/inputs/PSet.py
DEBUG 2018-11-29 21:51:44,567: 	 The following EDM output files will be collected: []
DEBUG 2018-11-29 21:51:44,567: 	 The following TFile output files will be collected: ['chargeptdepcorr_central.root']
DEBUG 2018-11-29 21:51:44,567: 	 The following user output files will be collected: []
DEBUG 2018-11-29 21:51:44,567: 	 Loading required information from the environment
DEBUG 2018-11-29 21:51:44,567: 	 Found CMSSW_10_3_1 for slc6_amd64_gcc700 with base /afs/cern.ch/user/p/prabhat/CMSSW_10_3_1
DEBUG 2018-11-29 21:51:44,567: 	 Making tarball in /afs/cern.ch/user/p/prabhat/CMSSW_10_3_1/src/Analyzers/ChargeDepAndPtCorr/crab/Ana_QAplots_PbPb2018data_Cent3035/crab_PbPb2015_pixelReReco_chgdepcorr_std_central_v1/inputs/8bdd5efe-959c-4f72-a004-240eb27ce8b2default.tgz
DEBUG 2018-11-29 21:51:44,572: 	 Checking directory /afs/cern.ch/user/p/prabhat/CMSSW_10_3_1/lib
DEBUG 2018-11-29 21:51:44,572: 	 Adding directory /afs/cern.ch/user/p/prabhat/CMSSW_10_3_1/lib to tarball
DEBUG 2018-11-29 21:51:45,479: 	 Checking directory /afs/cern.ch/user/p/prabhat/CMSSW_10_3_1/biglib
DEBUG 2018-11-29 21:51:45,479: 	 Adding directory /afs/cern.ch/user/p/prabhat/CMSSW_10_3_1/biglib to tarball
DEBUG 2018-11-29 21:51:45,481: 	 Checking directory /afs/cern.ch/user/p/prabhat/CMSSW_10_3_1/module
DEBUG 2018-11-29 21:51:45,876: 	 Adding data directory /afs/cern.ch/user/p/prabhat/CMSSW_10_3_1/src/Analyzers/ChargeDepAndPtCorr/data to tarball
DEBUG 2018-11-29 21:51:45,988: 	 Adding data directory /afs/cern.ch/user/p/prabhat/CMSSW_10_3_1/src/Analyzers/ChargeDepAndPtCorr/interface to tarball
DEBUG 2018-11-29 21:51:46,284: 	 Adding data directory /afs/cern.ch/user/p/prabhat/CMSSW_10_3_1/src/Analyzers/Cumulants/data to tarball
DEBUG 2018-11-29 21:51:46,314: 	 Adding data directory /afs/cern.ch/user/p/prabhat/CMSSW_10_3_1/src/Analyzers/Cumulants/interface to tarball
DEBUG 2018-11-29 21:51:46,945: 	 Adding data directory /afs/cern.ch/user/p/prabhat/CMSSW_10_3_1/src/Analyzers/NtrkDistribution/data to tarball
DEBUG 2018-11-29 21:51:46,975: 	 Adding data directory /afs/cern.ch/user/p/prabhat/CMSSW_10_3_1/src/Analyzers/NtrkDistribution/interface to tarball
DEBUG 2018-11-29 21:51:46,988: 	 Adding data directory /afs/cern.ch/user/p/prabhat/CMSSW_10_3_1/src/HeavyIonsAnalysis/Configuration/data to tarball
DEBUG 2018-11-29 21:51:47,164: 	 Adding data directory /afs/cern.ch/user/p/prabhat/CMSSW_10_3_1/src/HeavyIonsAnalysis/EventAnalysis/interface to tarball
DEBUG 2018-11-29 21:51:47,176: 	 Adding data directory /afs/cern.ch/user/p/prabhat/CMSSW_10_3_1/src/HeavyIonsAnalysis/JetAnalysis/data to tarball
DEBUG 2018-11-29 21:51:49,071: 	 Adding data directory /afs/cern.ch/user/p/prabhat/CMSSW_10_3_1/src/HeavyIonsAnalysis/JetAnalysis/interface to tarball
DEBUG 2018-11-29 21:51:49,151: 	 Adding data directory /afs/cern.ch/user/p/prabhat/CMSSW_10_3_1/src/HeavyIonsAnalysis/MuonAnalysis/interface to tarball
DEBUG 2018-11-29 21:51:49,160: 	 Adding data directory /afs/cern.ch/user/p/prabhat/CMSSW_10_3_1/src/HeavyIonsAnalysis/PhotonAnalysis/data to tarball
DEBUG 2018-11-29 21:51:49,165: 	 Adding data directory /afs/cern.ch/user/p/prabhat/CMSSW_10_3_1/src/HeavyIonsAnalysis/PhotonAnalysis/interface to tarball
DEBUG 2018-11-29 21:51:49,178: 	 Adding data directory /afs/cern.ch/user/p/prabhat/CMSSW_10_3_1/src/HeavyIonsAnalysis/TrackAnalysis/interface to tarball
DEBUG 2018-11-29 21:51:49,184: 	 Adding data directory /afs/cern.ch/user/p/prabhat/CMSSW_10_3_1/src/HeavyIonsAnalysis/VertexAnalysis/interface to tarball
DEBUG 2018-11-29 21:51:49,759: 	 Uploading archive /afs/cern.ch/user/p/prabhat/CMSSW_10_3_1/src/Analyzers/ChargeDepAndPtCorr/crab/Ana_QAplots_PbPb2018data_Cent3035/crab_PbPb2015_pixelReReco_chgdepcorr_std_central_v1/inputs/8bdd5efe-959c-4f72-a004-240eb27ce8b2default.tgz (7.934570.1 MB) to the CRAB cache. Using URI https://cmsweb.cern.ch/crabcache
DEBUG 2018-11-29 21:51:52,802: 	 Loading required information from the environment
DEBUG 2018-11-29 21:51:52,802: 	 Found CMSSW_10_3_1 for slc6_amd64_gcc700 with base /afs/cern.ch/user/p/prabhat/CMSSW_10_3_1
DEBUG 2018-11-29 21:51:52,802: 	 Making tarball in /afs/cern.ch/user/p/prabhat/CMSSW_10_3_1/src/Analyzers/ChargeDepAndPtCorr/crab/Ana_QAplots_PbPb2018data_Cent3035/crab_PbPb2015_pixelReReco_chgdepcorr_std_central_v1/inputs/debugFiles.tgz
DEBUG 2018-11-29 21:51:52,816: 	 Uploading archive /afs/cern.ch/user/p/prabhat/CMSSW_10_3_1/src/Analyzers/ChargeDepAndPtCorr/crab/Ana_QAplots_PbPb2018data_Cent3035/crab_PbPb2015_pixelReReco_chgdepcorr_std_central_v1/inputs/debugFiles.tgz (3 KB) to the CRAB cache. Using URI https://cmsweb.cern.ch/crabcache
DEBUG 2018-11-29 21:51:53,224: 	 Result uploading input files: a7d881a62079c1fe587023b6b0738345a2c936b8af8423cd7d15b5957479e412.tar.gz 
INFO 2018-11-29 21:51:53,224: 	 Sending the request to the server
DEBUG 2018-11-29 21:51:53,225: 	 Submitting {'maxjobruntime': 1250, 'extrajdl': [], 'ignorelocality': 0, 'savelogsflag': 0, 'useparent': 0, 'asyncdest': 'T2_IN_TIFR', 'algoargs': 40, 'cachefilename': 'a7d881a62079c1fe587023b6b0738345a2c936b8af8423cd7d15b5957479e412.tar.gz', 'numcores': 1, 'addoutputfiles': [], 'generator': 'pythia', 'maxmemory': 4000, 'publishdbsurl': 'https://cmsweb.cern.ch/dbs/prod/phys03/DBSWriter', 'priority': 10, 'jobsw': 'CMSSW_10_3_1', 'edmoutfiles': [], 'userfiles': [], 'primarydataset': '', 'inputdata': '/HIMinimumBias3/HIRun2018A-PromptReco-v1/AOD', 'lfn': '/store/user/prabhat/', 'dryrun': 0, 'workflow': 'crab_PbPb2015_pixelReReco_chgdepcorr_std_central_v1', 'cacheurl': u'https://cmsweb.cern.ch/crabcache', 'nonprodsw': 0, 'tfileoutfiles': ['chargeptdepcorr_central.root'], 'oneEventMode': 0, 'debugfilename': '92dfdad91d1798ca9d38830c7a1feb966986b76199e8a603c62bc27d8408810b.tar.gz', 'saveoutput': 1, 'publication': 0, 'jobarch': 'slc6_amd64_gcc700', 'totalunits': -1, 'splitalgo': 'LumiBased', 'ignoreglobalblacklist': 0, 'nonvaliddata': 0, 'dbsurl': 'https://cmsweb.cern.ch/dbs/prod/global/DBSReader', 'publishgroupname': 0, 'jobtype': 'Analysis', 'publishname2': 'Ana_QAplots_PbPb2018_v1'} 
DEBUG 2018-11-29 21:51:53,225: 	 Encoded submit request: maxjobruntime=1250&ignorelocality=0&savelogsflag=0&useparent=0&asyncdest=T2_IN_TIFR&algoargs=40&cachefilename=a7d881a62079c1fe587023b6b0738345a2c936b8af8423cd7d15b5957479e412.tar.gz&numcores=1&generator=pythia&maxmemory=4000&publishdbsurl=https%3A%2F%2Fcmsweb.cern.ch%2Fdbs%2Fprod%2Fphys03%2FDBSWriter&priority=10&jobsw=CMSSW_10_3_1&primarydataset=&inputdata=%2FHIMinimumBias3%2FHIRun2018A-PromptReco-v1%2FAOD&lfn=%2Fstore%2Fuser%2Fprabhat%2F&dryrun=0&workflow=crab_PbPb2015_pixelReReco_chgdepcorr_std_central_v1&cacheurl=https%3A%2F%2Fcmsweb.cern.ch%2Fcrabcache&nonprodsw=0&oneEventMode=0&debugfilename=92dfdad91d1798ca9d38830c7a1feb966986b76199e8a603c62bc27d8408810b.tar.gz&saveoutput=1&publication=0&jobarch=slc6_amd64_gcc700&totalunits=-1&splitalgo=LumiBased&ignoreglobalblacklist=0&nonvaliddata=0&dbsurl=https%3A%2F%2Fcmsweb.cern.ch%2Fdbs%2Fprod%2Fglobal%2FDBSReader&publishgroupname=0&jobtype=Analysis&publishname2=Ana_QAplots_PbPb2018_v1&tfileoutfiles=chargeptdepcorr_central.root
DEBUG 2018-11-29 21:51:53,905: 	 Result: {u'result': [{u'RequestName': u'181129_205153:prabhat_crab_PbPb2015_pixelReReco_chgdepcorr_std_central_v1'}]}
INFO 2018-11-29 21:51:53,910: 	 Success: Your task has been delivered to the CRAB3 server.
INFO 2018-11-29 21:51:53,910: 	 Task name: 181129_205153:prabhat_crab_PbPb2015_pixelReReco_chgdepcorr_std_central_v1
INFO 2018-11-29 21:51:53,910: 	 Please use 'crab status' to check how the submission process proceeds.
DEBUG 2018-11-29 21:51:53,910: 	 About to return
