
[31m~*~ USING CENTRALITY TABLE FOR PbPb 2018 ~*~[0m

DEBUG 2018-11-29 17:14:40,152: 	 Executing command: 'submit'
DEBUG 2018-11-29 17:14:40,156: 	 Found CRAB cache file /afs/cern.ch/user/p/prabhat/.crab3
DEBUG 2018-11-29 17:14:40,180: 	 Checking credentials
DEBUG 2018-11-29 17:14:40,183: 	 Found proxy file /tmp/x509up_u36946
DEBUG 2018-11-29 17:14:40,184: 	 Getting proxy life time left
DEBUG 2018-11-29 17:14:42,434: 	 Executing : 
 command : voms-proxy-info -file /tmp/x509up_u36946 -timeleft
 output : 43178

 error: 
 retcode : 0
DEBUG 2018-11-29 17:14:45,495: 	 Executing : 
 command : voms-proxy-info -file /tmp/x509up_u36946 -actimeleft
 output : 
 error: No VOMS attributes found!

 retcode : 1
DEBUG 2018-11-29 17:14:45,495: 	 Proxy valid for 00:00:00 hours
DEBUG 2018-11-29 17:14:45,495: 	 Creating new proxy for 24:00 hours with VO group '' and VO role 'NULL'.
DEBUG 2018-11-29 17:14:56,743: 	 Executing : 
 command : voms-proxy-init -voms cms:/cms -valid 24:00 -rfc
 output : None
 error: None
 retcode : 0
DEBUG 2018-11-29 17:14:58,500: 	 Executing : 
 command : voms-proxy-info -file /tmp/x509up_u36946 -timeleft
 output : 86397

 error: 
 retcode : 0
DEBUG 2018-11-29 17:15:00,141: 	 Executing : 
 command : voms-proxy-info -file /tmp/x509up_u36946 -actimeleft
 output : 86394

 error: 
 retcode : 0
DEBUG 2018-11-29 17:15:01,687: 	 Executing : 
 command : env X509_USER_PROXY=/tmp/x509up_u36946 voms-proxy-info -fqan
 output : /cms/Role=NULL/Capability=NULL

 error: 
 retcode : 0
DEBUG 2018-11-29 17:15:01,688: 	 Proxy created.
DEBUG 2018-11-29 17:15:01,689: 	 Will use CRAB Analysis plugin (i.e. will run an analysis job type).
DEBUG 2018-11-29 17:15:01,864: 	 Executing : 
 command : openssl x509 -in ~/.globus/usercert.pem -subject -noout
 output : subject= /DC=ch/DC=cern/OU=Organic Units/OU=Users/CN=prabhat/CN=665656/CN=Prabhat Ranjan Pujahari

 error: 
 retcode : 0
DEBUG 2018-11-29 17:15:01,865: 	 Checking credentials
DEBUG 2018-11-29 17:15:01,867: 	 Found proxy file /tmp/x509up_u36946
DEBUG 2018-11-29 17:15:01,868: 	 Getting proxy life time left
DEBUG 2018-11-29 17:15:03,507: 	 Executing : 
 command : voms-proxy-info -file /tmp/x509up_u36946 -timeleft
 output : 86392

 error: 
 retcode : 0
DEBUG 2018-11-29 17:15:05,956: 	 Executing : 
 command : voms-proxy-info -file /tmp/x509up_u36946 -actimeleft
 output : 86389

 error: 
 retcode : 0
DEBUG 2018-11-29 17:15:05,957: 	 Proxy valid for 23:59:52 hours
DEBUG 2018-11-29 17:15:07,519: 	 Executing : 
 command : env X509_USER_PROXY=/tmp/x509up_u36946 voms-proxy-info -fqan
 output : /cms/Role=NULL/Capability=NULL

 error: 
 retcode : 0
DEBUG 2018-11-29 17:15:08,055: 	 Registering user credentials for server /DC=ch/DC=cern/OU=computers/CN=vocms(052|058|030|0118|0105|0109).cern.ch|/DC=ch/DC=cern/OU=computers/CN=crab-(preprod|prod)-tw(02|01).cern.ch
DEBUG 2018-11-29 17:15:08,169: 	 Executing : 
 command : openssl x509 -in ~/.globus/usercert.pem -subject -noout
 output : subject= /DC=ch/DC=cern/OU=Organic Units/OU=Users/CN=prabhat/CN=665656/CN=Prabhat Ranjan Pujahari

 error: 
 retcode : 0
DEBUG 2018-11-29 17:15:08,170: 	 Getting myproxy life time left for myproxy.cern.ch
DEBUG 2018-11-29 17:15:08,170: 	 Calculating hash of /DC=ch/DC=cern/OU=Organic Units/OU=Users/CN=prabhat/CN=665656/CN=Prabhat Ranjan Pujahari_cmsweb.cern.ch for credential name
DEBUG 2018-11-29 17:15:08,488: 	 Executing : 
 command : myproxy-info -l f7df78ce5917e56ba6928e0b2bdbc93f09151c90 -s myproxy.cern.ch
 output : username: f7df78ce5917e56ba6928e0b2bdbc93f09151c90
owner: /DC=ch/DC=cern/OU=Organic Units/OU=Users/CN=prabhat/CN=665656/CN=Prabhat Ranjan Pujahari
  renewal policy: /DC=ch/DC=cern/OU=computers/CN=vocms(052|058|030|0118|0105|0109).cern.ch|/DC=ch/DC=cern/OU=computers/CN=crab-(preprod|prod)-tw(02|01).cern.ch
  trusted retrieval policy: /DC=ch/DC=cern/OU=computers/CN=vocms(052|058|030|0118|0105|0109).cern.ch|/DC=ch/DC=cern/OU=computers/CN=crab-(preprod|prod)-tw(02|01).cern.ch
  timeleft: 672:00:52  (28.0 days)

 error: 
 retcode : 0
DEBUG 2018-11-29 17:15:08,490: 	 Myproxy is valid: 2419252
DEBUG 2018-11-29 17:15:08,490: 	 Command use: submit
DEBUG 2018-11-29 17:15:08,490: 	 Options use: ['--config', <WMCore.Configuration.Configuration object at 0x7ffac3d1c3d0>]
DEBUG 2018-11-29 17:15:08,916: 	 CRABClient version: 3.3.1809
DEBUG 2018-11-29 17:15:08,916: 	 Instance is prod
DEBUG 2018-11-29 17:15:08,916: 	 Server base url is cmsweb.cern.ch
DEBUG 2018-11-29 17:15:08,916: 	 Command url /crabserver/prod/workflow
DEBUG 2018-11-29 17:15:08,916: 	 Started submission
DEBUG 2018-11-29 17:15:08,916: 	 Working on /afs/cern.ch/user/p/prabhat/CMSSW_10_3_1/src/Analyzers/ChargeDepAndPtCorr/crab/Prabhat_Method2_PbPb2018_Nov29_ChPP_cent3035/crab_PbPb2015_pixelReReco_chgdepcorr_std_central_v1
DEBUG 2018-11-29 17:15:09,488: 	 Loading required information from the environment
DEBUG 2018-11-29 17:15:09,488: 	 Found CMSSW_10_3_1 for slc6_amd64_gcc700 with base /afs/cern.ch/user/p/prabhat/CMSSW_10_3_1
DEBUG 2018-11-29 17:15:09,488: 	 Loading required information from the environment
DEBUG 2018-11-29 17:15:09,488: 	 Found CMSSW_10_3_1 for slc6_amd64_gcc700 with base /afs/cern.ch/user/p/prabhat/CMSSW_10_3_1
DEBUG 2018-11-29 17:15:09,541: 	 UNIQUE NAME: tarUUID 575ee502-7b58-4c85-8bd7-77f53e7f6329 
DEBUG 2018-11-29 17:15:09,542: 	 self.config: from WMCore.Configuration import Configuration
config = Configuration()
config.section_('General')
config.General.transferLogs = False
config.General.transferOutputs = True
config.General.workArea = 'Prabhat_Method2_PbPb2018_Nov29_ChPP_cent3035'
config.General.requestName = 'PbPb2015_pixelReReco_chgdepcorr_std_central_v1'
config.section_('JobType')
config.JobType.psetName = '../cfg/chargedepptcorr_central_cfg.py'
config.JobType.pluginName = 'Analysis'
config.JobType.maxMemoryMB = 4000
config.section_('Data')
config.Data.inputDataset = '/HIMinimumBias3/HIRun2018A-PromptReco-v1/AOD'
config.Data.outputDatasetTag = 'Prabhat_Meth2_JSON_PbPb2018_Cent3035_LowpT_Nov29_ChPP_v1'
config.Data.publication = False
config.Data.unitsPerJob = 10
config.Data.splitting = 'LumiBased'
config.Data.inputDBS = 'global'
config.Data.outLFNDirBase = '/store/user/prabhat/'
config.Data.totalUnits = -1
config.section_('Site')
config.Site.storageSite = 'T2_IN_TIFR'
config.section_('User')
config.section_('Debug')

DEBUG 2018-11-29 17:15:09,543: 	 self.config.JobType.psetName: ../cfg/chargedepptcorr_central_cfg.py
INFO 2018-11-29 17:15:09,543: 	 Importing CMSSW configuration ../cfg/chargedepptcorr_central_cfg.py
INFO 2018-11-29 17:15:30,189: 	 Finished importing CMSSW configuration ../cfg/chargedepptcorr_central_cfg.py
DEBUG 2018-11-29 17:15:30,190: 	 Writing CMSSW configuration to /afs/cern.ch/user/p/prabhat/CMSSW_10_3_1/src/Analyzers/ChargeDepAndPtCorr/crab/Prabhat_Method2_PbPb2018_Nov29_ChPP_cent3035/crab_PbPb2015_pixelReReco_chgdepcorr_std_central_v1/inputs/PSet.py
DEBUG 2018-11-29 17:15:32,625: 	 The following EDM output files will be collected: []
DEBUG 2018-11-29 17:15:32,625: 	 The following TFile output files will be collected: ['chargeptdepcorr_central.root']
DEBUG 2018-11-29 17:15:32,625: 	 The following user output files will be collected: []
DEBUG 2018-11-29 17:15:32,625: 	 Loading required information from the environment
DEBUG 2018-11-29 17:15:32,625: 	 Found CMSSW_10_3_1 for slc6_amd64_gcc700 with base /afs/cern.ch/user/p/prabhat/CMSSW_10_3_1
DEBUG 2018-11-29 17:15:32,625: 	 Making tarball in /afs/cern.ch/user/p/prabhat/CMSSW_10_3_1/src/Analyzers/ChargeDepAndPtCorr/crab/Prabhat_Method2_PbPb2018_Nov29_ChPP_cent3035/crab_PbPb2015_pixelReReco_chgdepcorr_std_central_v1/inputs/575ee502-7b58-4c85-8bd7-77f53e7f6329default.tgz
DEBUG 2018-11-29 17:15:32,654: 	 Checking directory /afs/cern.ch/user/p/prabhat/CMSSW_10_3_1/lib
DEBUG 2018-11-29 17:15:32,654: 	 Adding directory /afs/cern.ch/user/p/prabhat/CMSSW_10_3_1/lib to tarball
DEBUG 2018-11-29 17:15:33,747: 	 Checking directory /afs/cern.ch/user/p/prabhat/CMSSW_10_3_1/biglib
DEBUG 2018-11-29 17:15:33,747: 	 Adding directory /afs/cern.ch/user/p/prabhat/CMSSW_10_3_1/biglib to tarball
DEBUG 2018-11-29 17:15:33,749: 	 Checking directory /afs/cern.ch/user/p/prabhat/CMSSW_10_3_1/module
DEBUG 2018-11-29 17:15:34,034: 	 Adding data directory /afs/cern.ch/user/p/prabhat/CMSSW_10_3_1/src/Analyzers/ChargeDepAndPtCorr/data to tarball
DEBUG 2018-11-29 17:15:34,244: 	 Adding data directory /afs/cern.ch/user/p/prabhat/CMSSW_10_3_1/src/Analyzers/ChargeDepAndPtCorr/interface to tarball
DEBUG 2018-11-29 17:15:34,535: 	 Adding data directory /afs/cern.ch/user/p/prabhat/CMSSW_10_3_1/src/Analyzers/Cumulants/data to tarball
DEBUG 2018-11-29 17:15:34,565: 	 Adding data directory /afs/cern.ch/user/p/prabhat/CMSSW_10_3_1/src/Analyzers/Cumulants/interface to tarball
DEBUG 2018-11-29 17:15:35,136: 	 Adding data directory /afs/cern.ch/user/p/prabhat/CMSSW_10_3_1/src/Analyzers/NtrkDistribution/data to tarball
DEBUG 2018-11-29 17:15:35,174: 	 Adding data directory /afs/cern.ch/user/p/prabhat/CMSSW_10_3_1/src/Analyzers/NtrkDistribution/interface to tarball
DEBUG 2018-11-29 17:15:35,208: 	 Adding data directory /afs/cern.ch/user/p/prabhat/CMSSW_10_3_1/src/HeavyIonsAnalysis/Configuration/data to tarball
DEBUG 2018-11-29 17:15:35,349: 	 Adding data directory /afs/cern.ch/user/p/prabhat/CMSSW_10_3_1/src/HeavyIonsAnalysis/EventAnalysis/interface to tarball
DEBUG 2018-11-29 17:15:35,368: 	 Adding data directory /afs/cern.ch/user/p/prabhat/CMSSW_10_3_1/src/HeavyIonsAnalysis/JetAnalysis/data to tarball
DEBUG 2018-11-29 17:15:37,894: 	 Adding data directory /afs/cern.ch/user/p/prabhat/CMSSW_10_3_1/src/HeavyIonsAnalysis/JetAnalysis/interface to tarball
DEBUG 2018-11-29 17:15:37,971: 	 Adding data directory /afs/cern.ch/user/p/prabhat/CMSSW_10_3_1/src/HeavyIonsAnalysis/MuonAnalysis/interface to tarball
DEBUG 2018-11-29 17:15:37,983: 	 Adding data directory /afs/cern.ch/user/p/prabhat/CMSSW_10_3_1/src/HeavyIonsAnalysis/PhotonAnalysis/data to tarball
DEBUG 2018-11-29 17:15:37,986: 	 Adding data directory /afs/cern.ch/user/p/prabhat/CMSSW_10_3_1/src/HeavyIonsAnalysis/PhotonAnalysis/interface to tarball
DEBUG 2018-11-29 17:15:38,006: 	 Adding data directory /afs/cern.ch/user/p/prabhat/CMSSW_10_3_1/src/HeavyIonsAnalysis/TrackAnalysis/interface to tarball
DEBUG 2018-11-29 17:15:38,017: 	 Adding data directory /afs/cern.ch/user/p/prabhat/CMSSW_10_3_1/src/HeavyIonsAnalysis/VertexAnalysis/interface to tarball
DEBUG 2018-11-29 17:15:38,809: 	 Uploading archive /afs/cern.ch/user/p/prabhat/CMSSW_10_3_1/src/Analyzers/ChargeDepAndPtCorr/crab/Prabhat_Method2_PbPb2018_Nov29_ChPP_cent3035/crab_PbPb2015_pixelReReco_chgdepcorr_std_central_v1/inputs/575ee502-7b58-4c85-8bd7-77f53e7f6329default.tgz (7.933594.1 MB) to the CRAB cache. Using URI https://cmsweb.cern.ch/crabcache
DEBUG 2018-11-29 17:15:42,164: 	 Loading required information from the environment
DEBUG 2018-11-29 17:15:42,164: 	 Found CMSSW_10_3_1 for slc6_amd64_gcc700 with base /afs/cern.ch/user/p/prabhat/CMSSW_10_3_1
DEBUG 2018-11-29 17:15:42,164: 	 Making tarball in /afs/cern.ch/user/p/prabhat/CMSSW_10_3_1/src/Analyzers/ChargeDepAndPtCorr/crab/Prabhat_Method2_PbPb2018_Nov29_ChPP_cent3035/crab_PbPb2015_pixelReReco_chgdepcorr_std_central_v1/inputs/debugFiles.tgz
DEBUG 2018-11-29 17:15:42,183: 	 Uploading archive /afs/cern.ch/user/p/prabhat/CMSSW_10_3_1/src/Analyzers/ChargeDepAndPtCorr/crab/Prabhat_Method2_PbPb2018_Nov29_ChPP_cent3035/crab_PbPb2015_pixelReReco_chgdepcorr_std_central_v1/inputs/debugFiles.tgz (3 KB) to the CRAB cache. Using URI https://cmsweb.cern.ch/crabcache
DEBUG 2018-11-29 17:15:42,581: 	 Result uploading input files: 5545495414931a463c07e63991c542232bef23cd0da28667c2eff2770f2387e4.tar.gz 
INFO 2018-11-29 17:15:42,581: 	 Sending the request to the server
DEBUG 2018-11-29 17:15:42,582: 	 Submitting {'maxjobruntime': 1250, 'extrajdl': [], 'ignorelocality': 0, 'savelogsflag': 0, 'useparent': 0, 'asyncdest': 'T2_IN_TIFR', 'algoargs': 10, 'cachefilename': '5545495414931a463c07e63991c542232bef23cd0da28667c2eff2770f2387e4.tar.gz', 'numcores': 1, 'addoutputfiles': [], 'generator': 'pythia', 'maxmemory': 4000, 'publishdbsurl': 'https://cmsweb.cern.ch/dbs/prod/phys03/DBSWriter', 'priority': 10, 'jobsw': 'CMSSW_10_3_1', 'edmoutfiles': [], 'userfiles': [], 'primarydataset': '', 'inputdata': '/HIMinimumBias3/HIRun2018A-PromptReco-v1/AOD', 'lfn': '/store/user/prabhat/', 'dryrun': 0, 'workflow': 'crab_PbPb2015_pixelReReco_chgdepcorr_std_central_v1', 'cacheurl': u'https://cmsweb.cern.ch/crabcache', 'nonprodsw': 0, 'tfileoutfiles': ['chargeptdepcorr_central.root'], 'oneEventMode': 0, 'debugfilename': '95eadb4a2d4920dd137f39508db08d563b1536bd33c0d7a46f75671ec6125a76.tar.gz', 'saveoutput': 1, 'publication': 0, 'jobarch': 'slc6_amd64_gcc700', 'totalunits': -1, 'splitalgo': 'LumiBased', 'ignoreglobalblacklist': 0, 'nonvaliddata': 0, 'dbsurl': 'https://cmsweb.cern.ch/dbs/prod/global/DBSReader', 'publishgroupname': 0, 'jobtype': 'Analysis', 'publishname2': 'Prabhat_Meth2_JSON_PbPb2018_Cent3035_LowpT_Nov29_ChPP_v1'} 
DEBUG 2018-11-29 17:15:42,583: 	 Encoded submit request: maxjobruntime=1250&ignorelocality=0&savelogsflag=0&useparent=0&asyncdest=T2_IN_TIFR&algoargs=10&cachefilename=5545495414931a463c07e63991c542232bef23cd0da28667c2eff2770f2387e4.tar.gz&numcores=1&generator=pythia&maxmemory=4000&publishdbsurl=https%3A%2F%2Fcmsweb.cern.ch%2Fdbs%2Fprod%2Fphys03%2FDBSWriter&priority=10&jobsw=CMSSW_10_3_1&primarydataset=&inputdata=%2FHIMinimumBias3%2FHIRun2018A-PromptReco-v1%2FAOD&lfn=%2Fstore%2Fuser%2Fprabhat%2F&dryrun=0&workflow=crab_PbPb2015_pixelReReco_chgdepcorr_std_central_v1&cacheurl=https%3A%2F%2Fcmsweb.cern.ch%2Fcrabcache&nonprodsw=0&oneEventMode=0&debugfilename=95eadb4a2d4920dd137f39508db08d563b1536bd33c0d7a46f75671ec6125a76.tar.gz&saveoutput=1&publication=0&jobarch=slc6_amd64_gcc700&totalunits=-1&splitalgo=LumiBased&ignoreglobalblacklist=0&nonvaliddata=0&dbsurl=https%3A%2F%2Fcmsweb.cern.ch%2Fdbs%2Fprod%2Fglobal%2FDBSReader&publishgroupname=0&jobtype=Analysis&publishname2=Prabhat_Meth2_JSON_PbPb2018_Cent3035_LowpT_Nov29_ChPP_v1&tfileoutfiles=chargeptdepcorr_central.root
DEBUG 2018-11-29 17:15:43,335: 	 Result: {u'result': [{u'RequestName': u'181129_161543:prabhat_crab_PbPb2015_pixelReReco_chgdepcorr_std_central_v1'}]}
INFO 2018-11-29 17:15:43,347: 	 Success: Your task has been delivered to the CRAB3 server.
INFO 2018-11-29 17:15:43,347: 	 Task name: 181129_161543:prabhat_crab_PbPb2015_pixelReReco_chgdepcorr_std_central_v1
INFO 2018-11-29 17:15:43,347: 	 Please use 'crab status' to check how the submission process proceeds.
DEBUG 2018-11-29 17:15:43,347: 	 About to return
