
[31m~*~ USING CENTRALITY TABLE FOR PbPb 2018 ~*~[0m

DEBUG 2018-11-29 19:19:21,511: 	 Executing command: 'submit'
DEBUG 2018-11-29 19:19:21,517: 	 Found CRAB cache file /afs/cern.ch/user/p/prabhat/.crab3
DEBUG 2018-11-29 19:19:21,526: 	 Checking credentials
DEBUG 2018-11-29 19:19:21,528: 	 Found proxy file /tmp/x509up_u36946
DEBUG 2018-11-29 19:19:21,528: 	 Getting proxy life time left
DEBUG 2018-11-29 19:19:22,440: 	 Executing : 
 command : voms-proxy-info -file /tmp/x509up_u36946 -timeleft
 output : 42300

 error: 
 retcode : 0
DEBUG 2018-11-29 19:19:23,246: 	 Executing : 
 command : voms-proxy-info -file /tmp/x509up_u36946 -actimeleft
 output : 42299

 error: 
 retcode : 0
DEBUG 2018-11-29 19:19:23,246: 	 Proxy valid for 11:45:00 hours
DEBUG 2018-11-29 19:19:23,247: 	 Will use CRAB Analysis plugin (i.e. will run an analysis job type).
DEBUG 2018-11-29 19:19:23,366: 	 Executing : 
 command : openssl x509 -in ~/.globus/usercert.pem -subject -noout
 output : subject= /DC=ch/DC=cern/OU=Organic Units/OU=Users/CN=prabhat/CN=665656/CN=Prabhat Ranjan Pujahari

 error: 
 retcode : 0
DEBUG 2018-11-29 19:19:23,366: 	 Checking credentials
DEBUG 2018-11-29 19:19:23,366: 	 Found proxy file /tmp/x509up_u36946
DEBUG 2018-11-29 19:19:23,366: 	 Getting proxy life time left
DEBUG 2018-11-29 19:19:24,175: 	 Executing : 
 command : voms-proxy-info -file /tmp/x509up_u36946 -timeleft
 output : 42298

 error: 
 retcode : 0
DEBUG 2018-11-29 19:19:24,882: 	 Executing : 
 command : voms-proxy-info -file /tmp/x509up_u36946 -actimeleft
 output : 42298

 error: 
 retcode : 0
DEBUG 2018-11-29 19:19:24,883: 	 Proxy valid for 11:44:58 hours
DEBUG 2018-11-29 19:19:25,690: 	 Executing : 
 command : env X509_USER_PROXY=/tmp/x509up_u36946 voms-proxy-info -fqan
 output : /cms/Role=NULL/Capability=NULL

 error: 
 retcode : 0
DEBUG 2018-11-29 19:19:26,106: 	 Registering user credentials for server /DC=ch/DC=cern/OU=computers/CN=vocms(052|058|030|0118|0105|0109).cern.ch|/DC=ch/DC=cern/OU=computers/CN=crab-(preprod|prod)-tw(02|01).cern.ch
DEBUG 2018-11-29 19:19:26,217: 	 Executing : 
 command : openssl x509 -in ~/.globus/usercert.pem -subject -noout
 output : subject= /DC=ch/DC=cern/OU=Organic Units/OU=Users/CN=prabhat/CN=665656/CN=Prabhat Ranjan Pujahari

 error: 
 retcode : 0
DEBUG 2018-11-29 19:19:26,217: 	 Getting myproxy life time left for myproxy.cern.ch
DEBUG 2018-11-29 19:19:26,217: 	 Calculating hash of /DC=ch/DC=cern/OU=Organic Units/OU=Users/CN=prabhat/CN=665656/CN=Prabhat Ranjan Pujahari_cmsweb.cern.ch for credential name
DEBUG 2018-11-29 19:19:26,622: 	 Executing : 
 command : myproxy-info -l f7df78ce5917e56ba6928e0b2bdbc93f09151c90 -s myproxy.cern.ch
 output : username: f7df78ce5917e56ba6928e0b2bdbc93f09151c90
owner: /DC=ch/DC=cern/OU=Organic Units/OU=Users/CN=prabhat/CN=665656/CN=Prabhat Ranjan Pujahari
  renewal policy: /DC=ch/DC=cern/OU=computers/CN=vocms(052|058|030|0118|0105|0109).cern.ch|/DC=ch/DC=cern/OU=computers/CN=crab-(preprod|prod)-tw(02|01).cern.ch
  trusted retrieval policy: /DC=ch/DC=cern/OU=computers/CN=vocms(052|058|030|0118|0105|0109).cern.ch|/DC=ch/DC=cern/OU=computers/CN=crab-(preprod|prod)-tw(02|01).cern.ch
  timeleft: 669:56:34  (27.9 days)

 error: 
 retcode : 0
DEBUG 2018-11-29 19:19:26,624: 	 Myproxy is valid: 2411794
DEBUG 2018-11-29 19:19:26,624: 	 Command use: submit
DEBUG 2018-11-29 19:19:26,624: 	 Options use: ['--config', <WMCore.Configuration.Configuration object at 0x7fa9b32523d0>]
DEBUG 2018-11-29 19:19:28,815: 	 CRABClient version: 3.3.1809
DEBUG 2018-11-29 19:19:28,815: 	 Instance is prod
DEBUG 2018-11-29 19:19:28,815: 	 Server base url is cmsweb.cern.ch
DEBUG 2018-11-29 19:19:28,815: 	 Command url /crabserver/prod/workflow
DEBUG 2018-11-29 19:19:28,815: 	 Started submission
DEBUG 2018-11-29 19:19:28,815: 	 Working on /afs/cern.ch/user/p/prabhat/CMSSW_10_3_1/src/Analyzers/ChargeDepAndPtCorr/crab/Prabhat_Method2_PbPb2018_Nov29_AllCh_Eta3_cent3035/crab_PbPb2015_pixelReReco_chgdepcorr_std_central_v1
DEBUG 2018-11-29 19:19:30,069: 	 Loading required information from the environment
DEBUG 2018-11-29 19:19:30,069: 	 Found CMSSW_10_3_1 for slc6_amd64_gcc700 with base /afs/cern.ch/user/p/prabhat/CMSSW_10_3_1
DEBUG 2018-11-29 19:19:30,069: 	 Loading required information from the environment
DEBUG 2018-11-29 19:19:30,069: 	 Found CMSSW_10_3_1 for slc6_amd64_gcc700 with base /afs/cern.ch/user/p/prabhat/CMSSW_10_3_1
DEBUG 2018-11-29 19:19:30,093: 	 UNIQUE NAME: tarUUID 762fb0f3-619f-4b48-bc21-a13d15b11fda 
DEBUG 2018-11-29 19:19:30,094: 	 self.config: from WMCore.Configuration import Configuration
config = Configuration()
config.section_('General')
config.General.transferLogs = False
config.General.transferOutputs = True
config.General.workArea = 'Prabhat_Method2_PbPb2018_Nov29_AllCh_Eta3_cent3035'
config.General.requestName = 'PbPb2015_pixelReReco_chgdepcorr_std_central_v1'
config.section_('JobType')
config.JobType.psetName = '../cfg/chargedepptcorr_central_cfg.py'
config.JobType.pluginName = 'Analysis'
config.JobType.maxMemoryMB = 4000
config.section_('Data')
config.Data.inputDataset = '/HIMinimumBias3/HIRun2018A-PromptReco-v1/AOD'
config.Data.outputDatasetTag = 'Prabhat_PbPb2018_Cent3035_pT1GeV_Nov29_AllCh_Eta3_v1'
config.Data.publication = False
config.Data.unitsPerJob = 20
config.Data.splitting = 'LumiBased'
config.Data.inputDBS = 'global'
config.Data.outLFNDirBase = '/store/user/prabhat/'
config.Data.totalUnits = -1
config.section_('Site')
config.Site.storageSite = 'T2_IN_TIFR'
config.section_('User')
config.section_('Debug')

DEBUG 2018-11-29 19:19:30,094: 	 self.config.JobType.psetName: ../cfg/chargedepptcorr_central_cfg.py
INFO 2018-11-29 19:19:30,094: 	 Importing CMSSW configuration ../cfg/chargedepptcorr_central_cfg.py
INFO 2018-11-29 19:19:34,890: 	 Finished importing CMSSW configuration ../cfg/chargedepptcorr_central_cfg.py
DEBUG 2018-11-29 19:19:34,890: 	 Writing CMSSW configuration to /afs/cern.ch/user/p/prabhat/CMSSW_10_3_1/src/Analyzers/ChargeDepAndPtCorr/crab/Prabhat_Method2_PbPb2018_Nov29_AllCh_Eta3_cent3035/crab_PbPb2015_pixelReReco_chgdepcorr_std_central_v1/inputs/PSet.py
DEBUG 2018-11-29 19:19:37,167: 	 The following EDM output files will be collected: []
DEBUG 2018-11-29 19:19:37,167: 	 The following TFile output files will be collected: ['chargeptdepcorr_central.root']
DEBUG 2018-11-29 19:19:37,167: 	 The following user output files will be collected: []
DEBUG 2018-11-29 19:19:37,167: 	 Loading required information from the environment
DEBUG 2018-11-29 19:19:37,167: 	 Found CMSSW_10_3_1 for slc6_amd64_gcc700 with base /afs/cern.ch/user/p/prabhat/CMSSW_10_3_1
DEBUG 2018-11-29 19:19:37,168: 	 Making tarball in /afs/cern.ch/user/p/prabhat/CMSSW_10_3_1/src/Analyzers/ChargeDepAndPtCorr/crab/Prabhat_Method2_PbPb2018_Nov29_AllCh_Eta3_cent3035/crab_PbPb2015_pixelReReco_chgdepcorr_std_central_v1/inputs/762fb0f3-619f-4b48-bc21-a13d15b11fdadefault.tgz
DEBUG 2018-11-29 19:19:37,174: 	 Checking directory /afs/cern.ch/user/p/prabhat/CMSSW_10_3_1/lib
DEBUG 2018-11-29 19:19:37,174: 	 Adding directory /afs/cern.ch/user/p/prabhat/CMSSW_10_3_1/lib to tarball
DEBUG 2018-11-29 19:19:38,057: 	 Checking directory /afs/cern.ch/user/p/prabhat/CMSSW_10_3_1/biglib
DEBUG 2018-11-29 19:19:38,057: 	 Adding directory /afs/cern.ch/user/p/prabhat/CMSSW_10_3_1/biglib to tarball
DEBUG 2018-11-29 19:19:38,059: 	 Checking directory /afs/cern.ch/user/p/prabhat/CMSSW_10_3_1/module
DEBUG 2018-11-29 19:19:38,160: 	 Adding data directory /afs/cern.ch/user/p/prabhat/CMSSW_10_3_1/src/Analyzers/ChargeDepAndPtCorr/data to tarball
DEBUG 2018-11-29 19:19:38,241: 	 Adding data directory /afs/cern.ch/user/p/prabhat/CMSSW_10_3_1/src/Analyzers/ChargeDepAndPtCorr/interface to tarball
DEBUG 2018-11-29 19:19:38,347: 	 Adding data directory /afs/cern.ch/user/p/prabhat/CMSSW_10_3_1/src/Analyzers/Cumulants/data to tarball
DEBUG 2018-11-29 19:19:38,381: 	 Adding data directory /afs/cern.ch/user/p/prabhat/CMSSW_10_3_1/src/Analyzers/Cumulants/interface to tarball
DEBUG 2018-11-29 19:19:38,662: 	 Adding data directory /afs/cern.ch/user/p/prabhat/CMSSW_10_3_1/src/Analyzers/NtrkDistribution/data to tarball
DEBUG 2018-11-29 19:19:38,677: 	 Adding data directory /afs/cern.ch/user/p/prabhat/CMSSW_10_3_1/src/Analyzers/NtrkDistribution/interface to tarball
DEBUG 2018-11-29 19:19:38,688: 	 Adding data directory /afs/cern.ch/user/p/prabhat/CMSSW_10_3_1/src/HeavyIonsAnalysis/Configuration/data to tarball
DEBUG 2018-11-29 19:19:38,744: 	 Adding data directory /afs/cern.ch/user/p/prabhat/CMSSW_10_3_1/src/HeavyIonsAnalysis/EventAnalysis/interface to tarball
DEBUG 2018-11-29 19:19:38,758: 	 Adding data directory /afs/cern.ch/user/p/prabhat/CMSSW_10_3_1/src/HeavyIonsAnalysis/JetAnalysis/data to tarball
DEBUG 2018-11-29 19:19:40,357: 	 Adding data directory /afs/cern.ch/user/p/prabhat/CMSSW_10_3_1/src/HeavyIonsAnalysis/JetAnalysis/interface to tarball
DEBUG 2018-11-29 19:19:40,418: 	 Adding data directory /afs/cern.ch/user/p/prabhat/CMSSW_10_3_1/src/HeavyIonsAnalysis/MuonAnalysis/interface to tarball
DEBUG 2018-11-29 19:19:40,432: 	 Adding data directory /afs/cern.ch/user/p/prabhat/CMSSW_10_3_1/src/HeavyIonsAnalysis/PhotonAnalysis/data to tarball
DEBUG 2018-11-29 19:19:40,434: 	 Adding data directory /afs/cern.ch/user/p/prabhat/CMSSW_10_3_1/src/HeavyIonsAnalysis/PhotonAnalysis/interface to tarball
DEBUG 2018-11-29 19:19:40,454: 	 Adding data directory /afs/cern.ch/user/p/prabhat/CMSSW_10_3_1/src/HeavyIonsAnalysis/TrackAnalysis/interface to tarball
DEBUG 2018-11-29 19:19:40,464: 	 Adding data directory /afs/cern.ch/user/p/prabhat/CMSSW_10_3_1/src/HeavyIonsAnalysis/VertexAnalysis/interface to tarball
DEBUG 2018-11-29 19:19:40,927: 	 Uploading archive /afs/cern.ch/user/p/prabhat/CMSSW_10_3_1/src/Analyzers/ChargeDepAndPtCorr/crab/Prabhat_Method2_PbPb2018_Nov29_AllCh_Eta3_cent3035/crab_PbPb2015_pixelReReco_chgdepcorr_std_central_v1/inputs/762fb0f3-619f-4b48-bc21-a13d15b11fdadefault.tgz (7.934570.1 MB) to the CRAB cache. Using URI https://cmsweb.cern.ch/crabcache
DEBUG 2018-11-29 19:19:44,847: 	 Loading required information from the environment
DEBUG 2018-11-29 19:19:44,848: 	 Found CMSSW_10_3_1 for slc6_amd64_gcc700 with base /afs/cern.ch/user/p/prabhat/CMSSW_10_3_1
DEBUG 2018-11-29 19:19:44,848: 	 Making tarball in /afs/cern.ch/user/p/prabhat/CMSSW_10_3_1/src/Analyzers/ChargeDepAndPtCorr/crab/Prabhat_Method2_PbPb2018_Nov29_AllCh_Eta3_cent3035/crab_PbPb2015_pixelReReco_chgdepcorr_std_central_v1/inputs/debugFiles.tgz
DEBUG 2018-11-29 19:19:44,851: 	 Uploading archive /afs/cern.ch/user/p/prabhat/CMSSW_10_3_1/src/Analyzers/ChargeDepAndPtCorr/crab/Prabhat_Method2_PbPb2018_Nov29_AllCh_Eta3_cent3035/crab_PbPb2015_pixelReReco_chgdepcorr_std_central_v1/inputs/debugFiles.tgz (3 KB) to the CRAB cache. Using URI https://cmsweb.cern.ch/crabcache
DEBUG 2018-11-29 19:19:45,233: 	 Result uploading input files: 7397b5267e07fa3f2988c633fcaf86e4fd71c0fd8fac60a4445c0355c1fb2a9c.tar.gz 
INFO 2018-11-29 19:19:45,234: 	 Sending the request to the server
DEBUG 2018-11-29 19:19:45,234: 	 Submitting {'maxjobruntime': 1250, 'extrajdl': [], 'ignorelocality': 0, 'savelogsflag': 0, 'useparent': 0, 'asyncdest': 'T2_IN_TIFR', 'algoargs': 20, 'cachefilename': '7397b5267e07fa3f2988c633fcaf86e4fd71c0fd8fac60a4445c0355c1fb2a9c.tar.gz', 'numcores': 1, 'addoutputfiles': [], 'generator': 'pythia', 'maxmemory': 4000, 'publishdbsurl': 'https://cmsweb.cern.ch/dbs/prod/phys03/DBSWriter', 'priority': 10, 'jobsw': 'CMSSW_10_3_1', 'edmoutfiles': [], 'userfiles': [], 'primarydataset': '', 'inputdata': '/HIMinimumBias3/HIRun2018A-PromptReco-v1/AOD', 'lfn': '/store/user/prabhat/', 'dryrun': 0, 'workflow': 'crab_PbPb2015_pixelReReco_chgdepcorr_std_central_v1', 'cacheurl': u'https://cmsweb.cern.ch/crabcache', 'nonprodsw': 0, 'tfileoutfiles': ['chargeptdepcorr_central.root'], 'oneEventMode': 0, 'debugfilename': '91dbe3be611bad46e7c87504d266cc07f7510da1be0f4ceb60a97e504cc1e6fb.tar.gz', 'saveoutput': 1, 'publication': 0, 'jobarch': 'slc6_amd64_gcc700', 'totalunits': -1, 'splitalgo': 'LumiBased', 'ignoreglobalblacklist': 0, 'nonvaliddata': 0, 'dbsurl': 'https://cmsweb.cern.ch/dbs/prod/global/DBSReader', 'publishgroupname': 0, 'jobtype': 'Analysis', 'publishname2': 'Prabhat_PbPb2018_Cent3035_pT1GeV_Nov29_AllCh_Eta3_v1'} 
DEBUG 2018-11-29 19:19:45,234: 	 Encoded submit request: maxjobruntime=1250&ignorelocality=0&savelogsflag=0&useparent=0&asyncdest=T2_IN_TIFR&algoargs=20&cachefilename=7397b5267e07fa3f2988c633fcaf86e4fd71c0fd8fac60a4445c0355c1fb2a9c.tar.gz&numcores=1&generator=pythia&maxmemory=4000&publishdbsurl=https%3A%2F%2Fcmsweb.cern.ch%2Fdbs%2Fprod%2Fphys03%2FDBSWriter&priority=10&jobsw=CMSSW_10_3_1&primarydataset=&inputdata=%2FHIMinimumBias3%2FHIRun2018A-PromptReco-v1%2FAOD&lfn=%2Fstore%2Fuser%2Fprabhat%2F&dryrun=0&workflow=crab_PbPb2015_pixelReReco_chgdepcorr_std_central_v1&cacheurl=https%3A%2F%2Fcmsweb.cern.ch%2Fcrabcache&nonprodsw=0&oneEventMode=0&debugfilename=91dbe3be611bad46e7c87504d266cc07f7510da1be0f4ceb60a97e504cc1e6fb.tar.gz&saveoutput=1&publication=0&jobarch=slc6_amd64_gcc700&totalunits=-1&splitalgo=LumiBased&ignoreglobalblacklist=0&nonvaliddata=0&dbsurl=https%3A%2F%2Fcmsweb.cern.ch%2Fdbs%2Fprod%2Fglobal%2FDBSReader&publishgroupname=0&jobtype=Analysis&publishname2=Prabhat_PbPb2018_Cent3035_pT1GeV_Nov29_AllCh_Eta3_v1&tfileoutfiles=chargeptdepcorr_central.root
DEBUG 2018-11-29 19:19:46,101: 	 Result: {u'result': [{u'RequestName': u'181129_181945:prabhat_crab_PbPb2015_pixelReReco_chgdepcorr_std_central_v1'}]}
INFO 2018-11-29 19:19:46,103: 	 Success: Your task has been delivered to the CRAB3 server.
INFO 2018-11-29 19:19:46,104: 	 Task name: 181129_181945:prabhat_crab_PbPb2015_pixelReReco_chgdepcorr_std_central_v1
INFO 2018-11-29 19:19:46,104: 	 Please use 'crab status' to check how the submission process proceeds.
DEBUG 2018-11-29 19:19:46,104: 	 About to return
