
[31m~*~ USING CENTRALITY TABLE FOR PbPb 2018 ~*~[0m

DEBUG 2018-11-28 17:29:06,675: 	 Executing command: 'submit'
DEBUG 2018-11-28 17:29:06,677: 	 Found CRAB cache file /afs/cern.ch/user/p/prabhat/.crab3
DEBUG 2018-11-28 17:29:06,695: 	 Checking credentials
DEBUG 2018-11-28 17:29:06,695: 	 Found proxy file /tmp/x509up_u36946
DEBUG 2018-11-28 17:29:06,695: 	 Getting proxy life time left
DEBUG 2018-11-28 17:29:07,602: 	 Executing : 
 command : voms-proxy-info -file /tmp/x509up_u36946 -timeleft
 output : 43141

 error: 
 retcode : 0
DEBUG 2018-11-28 17:29:08,312: 	 Executing : 
 command : voms-proxy-info -file /tmp/x509up_u36946 -actimeleft
 output : 
 error: No VOMS attributes found!

 retcode : 1
DEBUG 2018-11-28 17:29:08,312: 	 Proxy valid for 00:00:00 hours
DEBUG 2018-11-28 17:29:08,313: 	 Creating new proxy for 24:00 hours with VO group '' and VO role 'NULL'.
DEBUG 2018-11-28 17:29:14,754: 	 Executing : 
 command : voms-proxy-init -voms cms:/cms -valid 24:00 -rfc
 output : None
 error: None
 retcode : 0
DEBUG 2018-11-28 17:29:15,781: 	 Executing : 
 command : voms-proxy-info -file /tmp/x509up_u36946 -timeleft
 output : 86398

 error: 
 retcode : 0
DEBUG 2018-11-28 17:29:16,591: 	 Executing : 
 command : voms-proxy-info -file /tmp/x509up_u36946 -actimeleft
 output : 86396

 error: 
 retcode : 0
DEBUG 2018-11-28 17:29:17,500: 	 Executing : 
 command : env X509_USER_PROXY=/tmp/x509up_u36946 voms-proxy-info -fqan
 output : /cms/Role=NULL/Capability=NULL

 error: 
 retcode : 0
DEBUG 2018-11-28 17:29:17,500: 	 Proxy created.
DEBUG 2018-11-28 17:29:17,502: 	 Will use CRAB Analysis plugin (i.e. will run an analysis job type).
DEBUG 2018-11-28 17:29:17,634: 	 Executing : 
 command : openssl x509 -in ~/.globus/usercert.pem -subject -noout
 output : subject= /DC=ch/DC=cern/OU=Organic Units/OU=Users/CN=prabhat/CN=665656/CN=Prabhat Ranjan Pujahari

 error: 
 retcode : 0
DEBUG 2018-11-28 17:29:17,635: 	 Checking credentials
DEBUG 2018-11-28 17:29:17,635: 	 Found proxy file /tmp/x509up_u36946
DEBUG 2018-11-28 17:29:17,636: 	 Getting proxy life time left
DEBUG 2018-11-28 17:29:18,445: 	 Executing : 
 command : voms-proxy-info -file /tmp/x509up_u36946 -timeleft
 output : 86395

 error: 
 retcode : 0
DEBUG 2018-11-28 17:29:19,252: 	 Executing : 
 command : voms-proxy-info -file /tmp/x509up_u36946 -actimeleft
 output : 86393

 error: 
 retcode : 0
DEBUG 2018-11-28 17:29:19,252: 	 Proxy valid for 23:59:55 hours
DEBUG 2018-11-28 17:29:20,062: 	 Executing : 
 command : env X509_USER_PROXY=/tmp/x509up_u36946 voms-proxy-info -fqan
 output : /cms/Role=NULL/Capability=NULL

 error: 
 retcode : 0
DEBUG 2018-11-28 17:29:20,518: 	 Registering user credentials for server /DC=ch/DC=cern/OU=computers/CN=vocms(052|058|030|0118|0105|0109).cern.ch|/DC=ch/DC=cern/OU=computers/CN=crab-(preprod|prod)-tw(02|01).cern.ch
DEBUG 2018-11-28 17:29:20,633: 	 Executing : 
 command : openssl x509 -in ~/.globus/usercert.pem -subject -noout
 output : subject= /DC=ch/DC=cern/OU=Organic Units/OU=Users/CN=prabhat/CN=665656/CN=Prabhat Ranjan Pujahari

 error: 
 retcode : 0
DEBUG 2018-11-28 17:29:20,633: 	 Getting myproxy life time left for myproxy.cern.ch
DEBUG 2018-11-28 17:29:20,633: 	 Calculating hash of /DC=ch/DC=cern/OU=Organic Units/OU=Users/CN=prabhat/CN=665656/CN=Prabhat Ranjan Pujahari_cmsweb.cern.ch for credential name
DEBUG 2018-11-28 17:29:20,939: 	 Executing : 
 command : myproxy-info -l f7df78ce5917e56ba6928e0b2bdbc93f09151c90 -s myproxy.cern.ch
 output : username: f7df78ce5917e56ba6928e0b2bdbc93f09151c90
owner: /DC=ch/DC=cern/OU=Organic Units/OU=Users/CN=prabhat/CN=665656/CN=Prabhat Ranjan Pujahari
  renewal policy: /DC=ch/DC=cern/OU=computers/CN=vocms(052|058|030|0118|0105|0109).cern.ch|/DC=ch/DC=cern/OU=computers/CN=crab-(preprod|prod)-tw(02|01).cern.ch
  trusted retrieval policy: /DC=ch/DC=cern/OU=computers/CN=vocms(052|058|030|0118|0105|0109).cern.ch|/DC=ch/DC=cern/OU=computers/CN=crab-(preprod|prod)-tw(02|01).cern.ch
  timeleft: 695:46:40  (29.0 days)

 error: 
 retcode : 0
DEBUG 2018-11-28 17:29:20,940: 	 Myproxy is valid: 2504800
DEBUG 2018-11-28 17:29:20,940: 	 Command use: submit
DEBUG 2018-11-28 17:29:20,941: 	 Options use: ['--config', <WMCore.Configuration.Configuration object at 0x7f1f478ee3d0>]
DEBUG 2018-11-28 17:29:21,383: 	 CRABClient version: 3.3.1809
DEBUG 2018-11-28 17:29:21,383: 	 Instance is prod
DEBUG 2018-11-28 17:29:21,383: 	 Server base url is cmsweb.cern.ch
DEBUG 2018-11-28 17:29:21,383: 	 Command url /crabserver/prod/workflow
DEBUG 2018-11-28 17:29:21,383: 	 Started submission
DEBUG 2018-11-28 17:29:21,383: 	 Working on /afs/cern.ch/user/p/prabhat/CMSSW_10_3_1/src/Analyzers/ChargeDepAndPtCorr/crab/Prabhat_Method2_PbPb2018_Nov28_AllCharge_cent3035/crab_PbPb2015_pixelReReco_chgdepcorr_std_central_v1
DEBUG 2018-11-28 17:29:21,921: 	 Loading required information from the environment
DEBUG 2018-11-28 17:29:21,921: 	 Found CMSSW_10_3_1 for slc6_amd64_gcc700 with base /afs/cern.ch/user/p/prabhat/CMSSW_10_3_1
DEBUG 2018-11-28 17:29:21,921: 	 Loading required information from the environment
DEBUG 2018-11-28 17:29:21,921: 	 Found CMSSW_10_3_1 for slc6_amd64_gcc700 with base /afs/cern.ch/user/p/prabhat/CMSSW_10_3_1
DEBUG 2018-11-28 17:29:21,938: 	 UNIQUE NAME: tarUUID 4c487ab2-c6be-4785-a8ed-bbfa7c6f1d30 
DEBUG 2018-11-28 17:29:21,939: 	 self.config: from WMCore.Configuration import Configuration
config = Configuration()
config.section_('General')
config.General.transferLogs = False
config.General.transferOutputs = True
config.General.workArea = 'Prabhat_Method2_PbPb2018_Nov28_AllCharge_cent3035'
config.General.requestName = 'PbPb2015_pixelReReco_chgdepcorr_std_central_v1'
config.section_('JobType')
config.JobType.psetName = '../cfg/chargedepptcorr_central_cfg.py'
config.JobType.pluginName = 'Analysis'
config.JobType.maxMemoryMB = 4000
config.section_('Data')
config.Data.inputDataset = '/HIMinimumBias3/HIRun2018A-PromptReco-v1/AOD'
config.Data.outputDatasetTag = 'Prabhat_Meth2_JSON_PbPb2018_Cent3035_Nov28_AllCh_v1'
config.Data.publication = False
config.Data.unitsPerJob = 10
config.Data.splitting = 'LumiBased'
config.Data.inputDBS = 'global'
config.Data.outLFNDirBase = '/store/user/prabhat/'
config.Data.totalUnits = -1
config.section_('Site')
config.Site.storageSite = 'T2_IN_TIFR'
config.section_('User')
config.section_('Debug')

DEBUG 2018-11-28 17:29:21,939: 	 self.config.JobType.psetName: ../cfg/chargedepptcorr_central_cfg.py
INFO 2018-11-28 17:29:21,939: 	 Importing CMSSW configuration ../cfg/chargedepptcorr_central_cfg.py
INFO 2018-11-28 17:29:32,209: 	 Finished importing CMSSW configuration ../cfg/chargedepptcorr_central_cfg.py
DEBUG 2018-11-28 17:29:32,209: 	 Writing CMSSW configuration to /afs/cern.ch/user/p/prabhat/CMSSW_10_3_1/src/Analyzers/ChargeDepAndPtCorr/crab/Prabhat_Method2_PbPb2018_Nov28_AllCharge_cent3035/crab_PbPb2015_pixelReReco_chgdepcorr_std_central_v1/inputs/PSet.py
DEBUG 2018-11-28 17:29:34,804: 	 The following EDM output files will be collected: []
DEBUG 2018-11-28 17:29:34,804: 	 The following TFile output files will be collected: ['chargeptdepcorr_central.root']
DEBUG 2018-11-28 17:29:34,804: 	 The following user output files will be collected: []
DEBUG 2018-11-28 17:29:34,804: 	 Loading required information from the environment
DEBUG 2018-11-28 17:29:34,804: 	 Found CMSSW_10_3_1 for slc6_amd64_gcc700 with base /afs/cern.ch/user/p/prabhat/CMSSW_10_3_1
DEBUG 2018-11-28 17:29:34,804: 	 Making tarball in /afs/cern.ch/user/p/prabhat/CMSSW_10_3_1/src/Analyzers/ChargeDepAndPtCorr/crab/Prabhat_Method2_PbPb2018_Nov28_AllCharge_cent3035/crab_PbPb2015_pixelReReco_chgdepcorr_std_central_v1/inputs/4c487ab2-c6be-4785-a8ed-bbfa7c6f1d30default.tgz
DEBUG 2018-11-28 17:29:34,821: 	 Checking directory /afs/cern.ch/user/p/prabhat/CMSSW_10_3_1/lib
DEBUG 2018-11-28 17:29:34,821: 	 Adding directory /afs/cern.ch/user/p/prabhat/CMSSW_10_3_1/lib to tarball
DEBUG 2018-11-28 17:29:35,740: 	 Checking directory /afs/cern.ch/user/p/prabhat/CMSSW_10_3_1/biglib
DEBUG 2018-11-28 17:29:35,740: 	 Adding directory /afs/cern.ch/user/p/prabhat/CMSSW_10_3_1/biglib to tarball
DEBUG 2018-11-28 17:29:35,742: 	 Checking directory /afs/cern.ch/user/p/prabhat/CMSSW_10_3_1/module
DEBUG 2018-11-28 17:29:35,905: 	 Adding data directory /afs/cern.ch/user/p/prabhat/CMSSW_10_3_1/src/Analyzers/ChargeDepAndPtCorr/data to tarball
DEBUG 2018-11-28 17:29:35,972: 	 Adding data directory /afs/cern.ch/user/p/prabhat/CMSSW_10_3_1/src/Analyzers/ChargeDepAndPtCorr/interface to tarball
DEBUG 2018-11-28 17:29:36,167: 	 Adding data directory /afs/cern.ch/user/p/prabhat/CMSSW_10_3_1/src/Analyzers/Cumulants/data to tarball
DEBUG 2018-11-28 17:29:36,231: 	 Adding data directory /afs/cern.ch/user/p/prabhat/CMSSW_10_3_1/src/Analyzers/Cumulants/interface to tarball
DEBUG 2018-11-28 17:29:36,597: 	 Adding data directory /afs/cern.ch/user/p/prabhat/CMSSW_10_3_1/src/Analyzers/NtrkDistribution/data to tarball
DEBUG 2018-11-28 17:29:36,634: 	 Adding data directory /afs/cern.ch/user/p/prabhat/CMSSW_10_3_1/src/Analyzers/NtrkDistribution/interface to tarball
DEBUG 2018-11-28 17:29:36,655: 	 Adding data directory /afs/cern.ch/user/p/prabhat/CMSSW_10_3_1/src/HeavyIonsAnalysis/Configuration/data to tarball
DEBUG 2018-11-28 17:29:36,768: 	 Adding data directory /afs/cern.ch/user/p/prabhat/CMSSW_10_3_1/src/HeavyIonsAnalysis/EventAnalysis/interface to tarball
DEBUG 2018-11-28 17:29:36,786: 	 Adding data directory /afs/cern.ch/user/p/prabhat/CMSSW_10_3_1/src/HeavyIonsAnalysis/JetAnalysis/data to tarball
DEBUG 2018-11-28 17:29:38,642: 	 Adding data directory /afs/cern.ch/user/p/prabhat/CMSSW_10_3_1/src/HeavyIonsAnalysis/JetAnalysis/interface to tarball
DEBUG 2018-11-28 17:29:38,679: 	 Adding data directory /afs/cern.ch/user/p/prabhat/CMSSW_10_3_1/src/HeavyIonsAnalysis/MuonAnalysis/interface to tarball
DEBUG 2018-11-28 17:29:38,688: 	 Adding data directory /afs/cern.ch/user/p/prabhat/CMSSW_10_3_1/src/HeavyIonsAnalysis/PhotonAnalysis/data to tarball
DEBUG 2018-11-28 17:29:38,692: 	 Adding data directory /afs/cern.ch/user/p/prabhat/CMSSW_10_3_1/src/HeavyIonsAnalysis/PhotonAnalysis/interface to tarball
DEBUG 2018-11-28 17:29:38,707: 	 Adding data directory /afs/cern.ch/user/p/prabhat/CMSSW_10_3_1/src/HeavyIonsAnalysis/TrackAnalysis/interface to tarball
DEBUG 2018-11-28 17:29:38,715: 	 Adding data directory /afs/cern.ch/user/p/prabhat/CMSSW_10_3_1/src/HeavyIonsAnalysis/VertexAnalysis/interface to tarball
DEBUG 2018-11-28 17:29:39,209: 	 Uploading archive /afs/cern.ch/user/p/prabhat/CMSSW_10_3_1/src/Analyzers/ChargeDepAndPtCorr/crab/Prabhat_Method2_PbPb2018_Nov28_AllCharge_cent3035/crab_PbPb2015_pixelReReco_chgdepcorr_std_central_v1/inputs/4c487ab2-c6be-4785-a8ed-bbfa7c6f1d30default.tgz (7.933594.1 MB) to the CRAB cache. Using URI https://cmsweb.cern.ch/crabcache
DEBUG 2018-11-28 17:29:42,289: 	 Loading required information from the environment
DEBUG 2018-11-28 17:29:42,289: 	 Found CMSSW_10_3_1 for slc6_amd64_gcc700 with base /afs/cern.ch/user/p/prabhat/CMSSW_10_3_1
DEBUG 2018-11-28 17:29:42,290: 	 Making tarball in /afs/cern.ch/user/p/prabhat/CMSSW_10_3_1/src/Analyzers/ChargeDepAndPtCorr/crab/Prabhat_Method2_PbPb2018_Nov28_AllCharge_cent3035/crab_PbPb2015_pixelReReco_chgdepcorr_std_central_v1/inputs/debugFiles.tgz
DEBUG 2018-11-28 17:29:42,296: 	 Uploading archive /afs/cern.ch/user/p/prabhat/CMSSW_10_3_1/src/Analyzers/ChargeDepAndPtCorr/crab/Prabhat_Method2_PbPb2018_Nov28_AllCharge_cent3035/crab_PbPb2015_pixelReReco_chgdepcorr_std_central_v1/inputs/debugFiles.tgz (3 KB) to the CRAB cache. Using URI https://cmsweb.cern.ch/crabcache
DEBUG 2018-11-28 17:29:42,747: 	 Result uploading input files: d50cc8c0451449fa7bb664112c9140bb3d6dd27ce4868c7b9fd8fc0916c49f5d.tar.gz 
INFO 2018-11-28 17:29:42,748: 	 Sending the request to the server
DEBUG 2018-11-28 17:29:42,748: 	 Submitting {'maxjobruntime': 1250, 'extrajdl': [], 'ignorelocality': 0, 'savelogsflag': 0, 'useparent': 0, 'asyncdest': 'T2_IN_TIFR', 'algoargs': 10, 'cachefilename': 'd50cc8c0451449fa7bb664112c9140bb3d6dd27ce4868c7b9fd8fc0916c49f5d.tar.gz', 'numcores': 1, 'addoutputfiles': [], 'generator': 'pythia', 'maxmemory': 4000, 'publishdbsurl': 'https://cmsweb.cern.ch/dbs/prod/phys03/DBSWriter', 'priority': 10, 'jobsw': 'CMSSW_10_3_1', 'edmoutfiles': [], 'userfiles': [], 'primarydataset': '', 'inputdata': '/HIMinimumBias3/HIRun2018A-PromptReco-v1/AOD', 'lfn': '/store/user/prabhat/', 'dryrun': 0, 'workflow': 'crab_PbPb2015_pixelReReco_chgdepcorr_std_central_v1', 'cacheurl': u'https://cmsweb.cern.ch/crabcache', 'nonprodsw': 0, 'tfileoutfiles': ['chargeptdepcorr_central.root'], 'oneEventMode': 0, 'debugfilename': 'cc18af57cf6a313f354a3b3e282287ab4af7cbf7226dc0d37b84013d5eee7563.tar.gz', 'saveoutput': 1, 'publication': 0, 'jobarch': 'slc6_amd64_gcc700', 'totalunits': -1, 'splitalgo': 'LumiBased', 'ignoreglobalblacklist': 0, 'nonvaliddata': 0, 'dbsurl': 'https://cmsweb.cern.ch/dbs/prod/global/DBSReader', 'publishgroupname': 0, 'jobtype': 'Analysis', 'publishname2': 'Prabhat_Meth2_JSON_PbPb2018_Cent3035_Nov28_AllCh_v1'} 
DEBUG 2018-11-28 17:29:42,748: 	 Encoded submit request: maxjobruntime=1250&ignorelocality=0&savelogsflag=0&useparent=0&asyncdest=T2_IN_TIFR&algoargs=10&cachefilename=d50cc8c0451449fa7bb664112c9140bb3d6dd27ce4868c7b9fd8fc0916c49f5d.tar.gz&numcores=1&generator=pythia&maxmemory=4000&publishdbsurl=https%3A%2F%2Fcmsweb.cern.ch%2Fdbs%2Fprod%2Fphys03%2FDBSWriter&priority=10&jobsw=CMSSW_10_3_1&primarydataset=&inputdata=%2FHIMinimumBias3%2FHIRun2018A-PromptReco-v1%2FAOD&lfn=%2Fstore%2Fuser%2Fprabhat%2F&dryrun=0&workflow=crab_PbPb2015_pixelReReco_chgdepcorr_std_central_v1&cacheurl=https%3A%2F%2Fcmsweb.cern.ch%2Fcrabcache&nonprodsw=0&oneEventMode=0&debugfilename=cc18af57cf6a313f354a3b3e282287ab4af7cbf7226dc0d37b84013d5eee7563.tar.gz&saveoutput=1&publication=0&jobarch=slc6_amd64_gcc700&totalunits=-1&splitalgo=LumiBased&ignoreglobalblacklist=0&nonvaliddata=0&dbsurl=https%3A%2F%2Fcmsweb.cern.ch%2Fdbs%2Fprod%2Fglobal%2FDBSReader&publishgroupname=0&jobtype=Analysis&publishname2=Prabhat_Meth2_JSON_PbPb2018_Cent3035_Nov28_AllCh_v1&tfileoutfiles=chargeptdepcorr_central.root
DEBUG 2018-11-28 17:29:44,126: 	 Result: {u'result': [{u'RequestName': u'181128_162943:prabhat_crab_PbPb2015_pixelReReco_chgdepcorr_std_central_v1'}]}
INFO 2018-11-28 17:29:44,130: 	 Success: Your task has been delivered to the CRAB3 server.
INFO 2018-11-28 17:29:44,130: 	 Task name: 181128_162943:prabhat_crab_PbPb2015_pixelReReco_chgdepcorr_std_central_v1
INFO 2018-11-28 17:29:44,130: 	 Please use 'crab status' to check how the submission process proceeds.
DEBUG 2018-11-28 17:29:44,130: 	 About to return
