
[31m~*~ USING CENTRALITY TABLE FOR PbPb 2018 ~*~[0m

DEBUG 2018-11-30 22:13:50,728: 	 Executing command: 'submit'
DEBUG 2018-11-30 22:13:50,732: 	 Found CRAB cache file /afs/cern.ch/user/p/prabhat/.crab3
DEBUG 2018-11-30 22:13:50,743: 	 Checking credentials
DEBUG 2018-11-30 22:13:50,744: 	 Found proxy file /tmp/x509up_u36946
DEBUG 2018-11-30 22:13:50,744: 	 Getting proxy life time left
DEBUG 2018-11-30 22:13:51,449: 	 Executing : 
 command : voms-proxy-info -file /tmp/x509up_u36946 -timeleft
 output : 43188

 error: 
 retcode : 0
DEBUG 2018-11-30 22:13:52,155: 	 Executing : 
 command : voms-proxy-info -file /tmp/x509up_u36946 -actimeleft
 output : 
 error: No VOMS attributes found!

 retcode : 1
DEBUG 2018-11-30 22:13:52,155: 	 Proxy valid for 00:00:00 hours
DEBUG 2018-11-30 22:13:52,155: 	 Creating new proxy for 24:00 hours with VO group '' and VO role 'NULL'.
DEBUG 2018-11-30 22:13:59,885: 	 Executing : 
 command : voms-proxy-init -voms cms:/cms -valid 24:00 -rfc
 output : None
 error: None
 retcode : 0
DEBUG 2018-11-30 22:14:00,592: 	 Executing : 
 command : voms-proxy-info -file /tmp/x509up_u36946 -timeleft
 output : 86398

 error: 
 retcode : 0
DEBUG 2018-11-30 22:14:01,397: 	 Executing : 
 command : voms-proxy-info -file /tmp/x509up_u36946 -actimeleft
 output : 86397

 error: 
 retcode : 0
DEBUG 2018-11-30 22:14:02,105: 	 Executing : 
 command : env X509_USER_PROXY=/tmp/x509up_u36946 voms-proxy-info -fqan
 output : /cms/Role=NULL/Capability=NULL

 error: 
 retcode : 0
DEBUG 2018-11-30 22:14:02,105: 	 Proxy created.
DEBUG 2018-11-30 22:14:02,106: 	 Will use CRAB Analysis plugin (i.e. will run an analysis job type).
DEBUG 2018-11-30 22:14:02,230: 	 Executing : 
 command : openssl x509 -in ~/.globus/usercert.pem -subject -noout
 output : subject= /DC=ch/DC=cern/OU=Organic Units/OU=Users/CN=prabhat/CN=665656/CN=Prabhat Ranjan Pujahari

 error: 
 retcode : 0
DEBUG 2018-11-30 22:14:02,230: 	 Checking credentials
DEBUG 2018-11-30 22:14:02,231: 	 Found proxy file /tmp/x509up_u36946
DEBUG 2018-11-30 22:14:02,231: 	 Getting proxy life time left
DEBUG 2018-11-30 22:14:02,936: 	 Executing : 
 command : voms-proxy-info -file /tmp/x509up_u36946 -timeleft
 output : 86396

 error: 
 retcode : 0
DEBUG 2018-11-30 22:14:03,642: 	 Executing : 
 command : voms-proxy-info -file /tmp/x509up_u36946 -actimeleft
 output : 86395

 error: 
 retcode : 0
DEBUG 2018-11-30 22:14:03,642: 	 Proxy valid for 23:59:56 hours
DEBUG 2018-11-30 22:14:04,549: 	 Executing : 
 command : env X509_USER_PROXY=/tmp/x509up_u36946 voms-proxy-info -fqan
 output : /cms/Role=NULL/Capability=NULL

 error: 
 retcode : 0
DEBUG 2018-11-30 22:14:04,990: 	 Registering user credentials for server /DC=ch/DC=cern/OU=computers/CN=vocms(052|058|030|0118|0105|0109).cern.ch|/DC=ch/DC=cern/OU=computers/CN=crab-(preprod|prod)-tw(02|01).cern.ch
DEBUG 2018-11-30 22:14:05,101: 	 Executing : 
 command : openssl x509 -in ~/.globus/usercert.pem -subject -noout
 output : subject= /DC=ch/DC=cern/OU=Organic Units/OU=Users/CN=prabhat/CN=665656/CN=Prabhat Ranjan Pujahari

 error: 
 retcode : 0
DEBUG 2018-11-30 22:14:05,102: 	 Getting myproxy life time left for myproxy.cern.ch
DEBUG 2018-11-30 22:14:05,102: 	 Calculating hash of /DC=ch/DC=cern/OU=Organic Units/OU=Users/CN=prabhat/CN=665656/CN=Prabhat Ranjan Pujahari_cmsweb.cern.ch for credential name
DEBUG 2018-11-30 22:14:05,306: 	 Executing : 
 command : myproxy-info -l f7df78ce5917e56ba6928e0b2bdbc93f09151c90 -s myproxy.cern.ch
 output : username: f7df78ce5917e56ba6928e0b2bdbc93f09151c90
owner: /DC=ch/DC=cern/OU=Organic Units/OU=Users/CN=prabhat/CN=665656/CN=Prabhat Ranjan Pujahari
  renewal policy: /DC=ch/DC=cern/OU=computers/CN=vocms(052|058|030|0118|0105|0109).cern.ch|/DC=ch/DC=cern/OU=computers/CN=crab-(preprod|prod)-tw(02|01).cern.ch
  trusted retrieval policy: /DC=ch/DC=cern/OU=computers/CN=vocms(052|058|030|0118|0105|0109).cern.ch|/DC=ch/DC=cern/OU=computers/CN=crab-(preprod|prod)-tw(02|01).cern.ch
  timeleft: 643:01:55  (26.8 days)

 error: 
 retcode : 0
DEBUG 2018-11-30 22:14:05,307: 	 Myproxy is valid: 2314915
DEBUG 2018-11-30 22:14:05,308: 	 Command use: submit
DEBUG 2018-11-30 22:14:05,308: 	 Options use: ['--config', <WMCore.Configuration.Configuration object at 0x7f03ec62a3d0>]
DEBUG 2018-11-30 22:14:05,707: 	 CRABClient version: 3.3.1809
DEBUG 2018-11-30 22:14:05,707: 	 Instance is prod
DEBUG 2018-11-30 22:14:05,707: 	 Server base url is cmsweb.cern.ch
DEBUG 2018-11-30 22:14:05,707: 	 Command url /crabserver/prod/workflow
DEBUG 2018-11-30 22:14:05,707: 	 Started submission
DEBUG 2018-11-30 22:14:05,707: 	 Working on /afs/cern.ch/user/p/prabhat/CMSSW_10_3_1/src/Analyzers/ChargeDepAndPtCorr/crab/Prabhat_PbPb2018_LowpT_Dec01_chNN_cent05/crab_PbPb2015_pixelReReco_chgdepcorr_std_central_v1
DEBUG 2018-11-30 22:14:06,131: 	 Loading required information from the environment
DEBUG 2018-11-30 22:14:06,131: 	 Found CMSSW_10_3_1 for slc6_amd64_gcc700 with base /afs/cern.ch/user/p/prabhat/CMSSW_10_3_1
DEBUG 2018-11-30 22:14:06,131: 	 Loading required information from the environment
DEBUG 2018-11-30 22:14:06,131: 	 Found CMSSW_10_3_1 for slc6_amd64_gcc700 with base /afs/cern.ch/user/p/prabhat/CMSSW_10_3_1
DEBUG 2018-11-30 22:14:06,153: 	 UNIQUE NAME: tarUUID 6f784943-d011-4462-a327-60bf10748e62 
DEBUG 2018-11-30 22:14:06,154: 	 self.config: from WMCore.Configuration import Configuration
config = Configuration()
config.section_('General')
config.General.transferLogs = False
config.General.transferOutputs = True
config.General.workArea = 'Prabhat_PbPb2018_LowpT_Dec01_chNN_cent05'
config.General.requestName = 'PbPb2015_pixelReReco_chgdepcorr_std_central_v1'
config.section_('JobType')
config.JobType.psetName = '../cfg/chargedepptcorr_central_cfg.py'
config.JobType.pluginName = 'Analysis'
config.JobType.maxMemoryMB = 4000
config.section_('Data')
config.Data.inputDataset = '/HIMinimumBias3/HIRun2018A-PromptReco-v1/AOD'
config.Data.outputDatasetTag = 'Prabhat_PbPb2018_cent05_lowpT_Dec01_chNN_v1'
config.Data.publication = False
config.Data.unitsPerJob = 14
config.Data.splitting = 'LumiBased'
config.Data.inputDBS = 'global'
config.Data.outLFNDirBase = '/store/user/prabhat/'
config.Data.totalUnits = -1
config.section_('Site')
config.Site.storageSite = 'T2_IN_TIFR'
config.section_('User')
config.section_('Debug')

DEBUG 2018-11-30 22:14:06,154: 	 self.config.JobType.psetName: ../cfg/chargedepptcorr_central_cfg.py
INFO 2018-11-30 22:14:06,154: 	 Importing CMSSW configuration ../cfg/chargedepptcorr_central_cfg.py
INFO 2018-11-30 22:14:10,619: 	 Finished importing CMSSW configuration ../cfg/chargedepptcorr_central_cfg.py
DEBUG 2018-11-30 22:14:10,619: 	 Writing CMSSW configuration to /afs/cern.ch/user/p/prabhat/CMSSW_10_3_1/src/Analyzers/ChargeDepAndPtCorr/crab/Prabhat_PbPb2018_LowpT_Dec01_chNN_cent05/crab_PbPb2015_pixelReReco_chgdepcorr_std_central_v1/inputs/PSet.py
DEBUG 2018-11-30 22:14:12,534: 	 The following EDM output files will be collected: []
DEBUG 2018-11-30 22:14:12,534: 	 The following TFile output files will be collected: ['chargeptdepcorr_central.root']
DEBUG 2018-11-30 22:14:12,534: 	 The following user output files will be collected: []
DEBUG 2018-11-30 22:14:12,534: 	 Loading required information from the environment
DEBUG 2018-11-30 22:14:12,534: 	 Found CMSSW_10_3_1 for slc6_amd64_gcc700 with base /afs/cern.ch/user/p/prabhat/CMSSW_10_3_1
DEBUG 2018-11-30 22:14:12,534: 	 Making tarball in /afs/cern.ch/user/p/prabhat/CMSSW_10_3_1/src/Analyzers/ChargeDepAndPtCorr/crab/Prabhat_PbPb2018_LowpT_Dec01_chNN_cent05/crab_PbPb2015_pixelReReco_chgdepcorr_std_central_v1/inputs/6f784943-d011-4462-a327-60bf10748e62default.tgz
DEBUG 2018-11-30 22:14:12,539: 	 Checking directory /afs/cern.ch/user/p/prabhat/CMSSW_10_3_1/lib
DEBUG 2018-11-30 22:14:12,539: 	 Adding directory /afs/cern.ch/user/p/prabhat/CMSSW_10_3_1/lib to tarball
DEBUG 2018-11-30 22:14:13,283: 	 Checking directory /afs/cern.ch/user/p/prabhat/CMSSW_10_3_1/biglib
DEBUG 2018-11-30 22:14:13,283: 	 Adding directory /afs/cern.ch/user/p/prabhat/CMSSW_10_3_1/biglib to tarball
DEBUG 2018-11-30 22:14:13,284: 	 Checking directory /afs/cern.ch/user/p/prabhat/CMSSW_10_3_1/module
DEBUG 2018-11-30 22:14:13,291: 	 Adding data directory /afs/cern.ch/user/p/prabhat/CMSSW_10_3_1/src/Analyzers/ChargeDepAndPtCorr/data to tarball
DEBUG 2018-11-30 22:14:13,313: 	 Adding data directory /afs/cern.ch/user/p/prabhat/CMSSW_10_3_1/src/Analyzers/ChargeDepAndPtCorr/interface to tarball
DEBUG 2018-11-30 22:14:13,318: 	 Adding data directory /afs/cern.ch/user/p/prabhat/CMSSW_10_3_1/src/Analyzers/Cumulants/data to tarball
DEBUG 2018-11-30 22:14:13,323: 	 Adding data directory /afs/cern.ch/user/p/prabhat/CMSSW_10_3_1/src/Analyzers/Cumulants/interface to tarball
DEBUG 2018-11-30 22:14:13,433: 	 Adding data directory /afs/cern.ch/user/p/prabhat/CMSSW_10_3_1/src/Analyzers/NtrkDistribution/data to tarball
DEBUG 2018-11-30 22:14:13,437: 	 Adding data directory /afs/cern.ch/user/p/prabhat/CMSSW_10_3_1/src/Analyzers/NtrkDistribution/interface to tarball
DEBUG 2018-11-30 22:14:13,439: 	 Adding data directory /afs/cern.ch/user/p/prabhat/CMSSW_10_3_1/src/HeavyIonsAnalysis/Configuration/data to tarball
DEBUG 2018-11-30 22:14:13,453: 	 Adding data directory /afs/cern.ch/user/p/prabhat/CMSSW_10_3_1/src/HeavyIonsAnalysis/EventAnalysis/interface to tarball
DEBUG 2018-11-30 22:14:13,454: 	 Adding data directory /afs/cern.ch/user/p/prabhat/CMSSW_10_3_1/src/HeavyIonsAnalysis/JetAnalysis/data to tarball
DEBUG 2018-11-30 22:14:14,679: 	 Adding data directory /afs/cern.ch/user/p/prabhat/CMSSW_10_3_1/src/HeavyIonsAnalysis/JetAnalysis/interface to tarball
DEBUG 2018-11-30 22:14:14,685: 	 Adding data directory /afs/cern.ch/user/p/prabhat/CMSSW_10_3_1/src/HeavyIonsAnalysis/MuonAnalysis/interface to tarball
DEBUG 2018-11-30 22:14:14,687: 	 Adding data directory /afs/cern.ch/user/p/prabhat/CMSSW_10_3_1/src/HeavyIonsAnalysis/PhotonAnalysis/data to tarball
DEBUG 2018-11-30 22:14:14,687: 	 Adding data directory /afs/cern.ch/user/p/prabhat/CMSSW_10_3_1/src/HeavyIonsAnalysis/PhotonAnalysis/interface to tarball
DEBUG 2018-11-30 22:14:14,690: 	 Adding data directory /afs/cern.ch/user/p/prabhat/CMSSW_10_3_1/src/HeavyIonsAnalysis/TrackAnalysis/interface to tarball
DEBUG 2018-11-30 22:14:14,691: 	 Adding data directory /afs/cern.ch/user/p/prabhat/CMSSW_10_3_1/src/HeavyIonsAnalysis/VertexAnalysis/interface to tarball
DEBUG 2018-11-30 22:14:15,135: 	 Uploading archive /afs/cern.ch/user/p/prabhat/CMSSW_10_3_1/src/Analyzers/ChargeDepAndPtCorr/crab/Prabhat_PbPb2018_LowpT_Dec01_chNN_cent05/crab_PbPb2015_pixelReReco_chgdepcorr_std_central_v1/inputs/6f784943-d011-4462-a327-60bf10748e62default.tgz (7.933594.1 MB) to the CRAB cache. Using URI https://cmsweb.cern.ch/crabcache
DEBUG 2018-11-30 22:14:22,725: 	 Loading required information from the environment
DEBUG 2018-11-30 22:14:22,725: 	 Found CMSSW_10_3_1 for slc6_amd64_gcc700 with base /afs/cern.ch/user/p/prabhat/CMSSW_10_3_1
DEBUG 2018-11-30 22:14:22,725: 	 Making tarball in /afs/cern.ch/user/p/prabhat/CMSSW_10_3_1/src/Analyzers/ChargeDepAndPtCorr/crab/Prabhat_PbPb2018_LowpT_Dec01_chNN_cent05/crab_PbPb2015_pixelReReco_chgdepcorr_std_central_v1/inputs/debugFiles.tgz
DEBUG 2018-11-30 22:14:22,729: 	 Uploading archive /afs/cern.ch/user/p/prabhat/CMSSW_10_3_1/src/Analyzers/ChargeDepAndPtCorr/crab/Prabhat_PbPb2018_LowpT_Dec01_chNN_cent05/crab_PbPb2015_pixelReReco_chgdepcorr_std_central_v1/inputs/debugFiles.tgz (3 KB) to the CRAB cache. Using URI https://cmsweb.cern.ch/crabcache
DEBUG 2018-11-30 22:14:23,121: 	 Result uploading input files: 69139a68f1b4dac4695c3ff4401ee8c506b9c7ccf7c23b5e95e96923d262b429.tar.gz 
INFO 2018-11-30 22:14:23,122: 	 Sending the request to the server
DEBUG 2018-11-30 22:14:23,122: 	 Submitting {'maxjobruntime': 1250, 'extrajdl': [], 'ignorelocality': 0, 'savelogsflag': 0, 'useparent': 0, 'asyncdest': 'T2_IN_TIFR', 'algoargs': 14, 'cachefilename': '69139a68f1b4dac4695c3ff4401ee8c506b9c7ccf7c23b5e95e96923d262b429.tar.gz', 'numcores': 1, 'addoutputfiles': [], 'generator': 'pythia', 'maxmemory': 4000, 'publishdbsurl': 'https://cmsweb.cern.ch/dbs/prod/phys03/DBSWriter', 'priority': 10, 'jobsw': 'CMSSW_10_3_1', 'edmoutfiles': [], 'userfiles': [], 'primarydataset': '', 'inputdata': '/HIMinimumBias3/HIRun2018A-PromptReco-v1/AOD', 'lfn': '/store/user/prabhat/', 'dryrun': 0, 'workflow': 'crab_PbPb2015_pixelReReco_chgdepcorr_std_central_v1', 'cacheurl': u'https://cmsweb.cern.ch/crabcache', 'nonprodsw': 0, 'tfileoutfiles': ['chargeptdepcorr_central.root'], 'oneEventMode': 0, 'debugfilename': '0f45024067555ca30d1a3bfc9aa1a3e010b02e904febada3a75423bb56b04033.tar.gz', 'saveoutput': 1, 'publication': 0, 'jobarch': 'slc6_amd64_gcc700', 'totalunits': -1, 'splitalgo': 'LumiBased', 'ignoreglobalblacklist': 0, 'nonvaliddata': 0, 'dbsurl': 'https://cmsweb.cern.ch/dbs/prod/global/DBSReader', 'publishgroupname': 0, 'jobtype': 'Analysis', 'publishname2': 'Prabhat_PbPb2018_cent05_lowpT_Dec01_chNN_v1'} 
DEBUG 2018-11-30 22:14:23,122: 	 Encoded submit request: maxjobruntime=1250&ignorelocality=0&savelogsflag=0&useparent=0&asyncdest=T2_IN_TIFR&algoargs=14&cachefilename=69139a68f1b4dac4695c3ff4401ee8c506b9c7ccf7c23b5e95e96923d262b429.tar.gz&numcores=1&generator=pythia&maxmemory=4000&publishdbsurl=https%3A%2F%2Fcmsweb.cern.ch%2Fdbs%2Fprod%2Fphys03%2FDBSWriter&priority=10&jobsw=CMSSW_10_3_1&primarydataset=&inputdata=%2FHIMinimumBias3%2FHIRun2018A-PromptReco-v1%2FAOD&lfn=%2Fstore%2Fuser%2Fprabhat%2F&dryrun=0&workflow=crab_PbPb2015_pixelReReco_chgdepcorr_std_central_v1&cacheurl=https%3A%2F%2Fcmsweb.cern.ch%2Fcrabcache&nonprodsw=0&oneEventMode=0&debugfilename=0f45024067555ca30d1a3bfc9aa1a3e010b02e904febada3a75423bb56b04033.tar.gz&saveoutput=1&publication=0&jobarch=slc6_amd64_gcc700&totalunits=-1&splitalgo=LumiBased&ignoreglobalblacklist=0&nonvaliddata=0&dbsurl=https%3A%2F%2Fcmsweb.cern.ch%2Fdbs%2Fprod%2Fglobal%2FDBSReader&publishgroupname=0&jobtype=Analysis&publishname2=Prabhat_PbPb2018_cent05_lowpT_Dec01_chNN_v1&tfileoutfiles=chargeptdepcorr_central.root
DEBUG 2018-11-30 22:14:24,031: 	 Result: {u'result': [{u'RequestName': u'181130_211423:prabhat_crab_PbPb2015_pixelReReco_chgdepcorr_std_central_v1'}]}
INFO 2018-11-30 22:14:24,033: 	 Success: Your task has been delivered to the CRAB3 server.
INFO 2018-11-30 22:14:24,034: 	 Task name: 181130_211423:prabhat_crab_PbPb2015_pixelReReco_chgdepcorr_std_central_v1
INFO 2018-11-30 22:14:24,034: 	 Please use 'crab status' to check how the submission process proceeds.
DEBUG 2018-11-30 22:14:24,034: 	 About to return
