
[31m~*~ USING CENTRALITY TABLE FOR PbPb 2018 ~*~[0m

DEBUG 2018-11-28 10:16:19,761: 	 Executing command: 'submit'
DEBUG 2018-11-28 10:16:19,764: 	 Found CRAB cache file /afs/cern.ch/user/p/prabhat/.crab3
DEBUG 2018-11-28 10:16:19,777: 	 Checking credentials
DEBUG 2018-11-28 10:16:19,779: 	 Found proxy file /tmp/x509up_u36946
DEBUG 2018-11-28 10:16:19,779: 	 Getting proxy life time left
DEBUG 2018-11-28 10:16:20,894: 	 Executing : 
 command : voms-proxy-info -file /tmp/x509up_u36946 -timeleft
 output : 86180

 error: 
 retcode : 0
DEBUG 2018-11-28 10:16:22,009: 	 Executing : 
 command : voms-proxy-info -file /tmp/x509up_u36946 -actimeleft
 output : 86179

 error: 
 retcode : 0
DEBUG 2018-11-28 10:16:22,010: 	 Proxy valid for 23:56:20 hours
DEBUG 2018-11-28 10:16:22,011: 	 Will use CRAB Analysis plugin (i.e. will run an analysis job type).
DEBUG 2018-11-28 10:16:22,148: 	 Executing : 
 command : openssl x509 -in ~/.globus/usercert.pem -subject -noout
 output : subject= /DC=ch/DC=cern/OU=Organic Units/OU=Users/CN=prabhat/CN=665656/CN=Prabhat Ranjan Pujahari

 error: 
 retcode : 0
DEBUG 2018-11-28 10:16:22,149: 	 Checking credentials
DEBUG 2018-11-28 10:16:22,149: 	 Found proxy file /tmp/x509up_u36946
DEBUG 2018-11-28 10:16:22,149: 	 Getting proxy life time left
DEBUG 2018-11-28 10:16:23,264: 	 Executing : 
 command : voms-proxy-info -file /tmp/x509up_u36946 -timeleft
 output : 86177

 error: 
 retcode : 0
DEBUG 2018-11-28 10:16:24,592: 	 Executing : 
 command : voms-proxy-info -file /tmp/x509up_u36946 -actimeleft
 output : 86176

 error: 
 retcode : 0
DEBUG 2018-11-28 10:16:24,592: 	 Proxy valid for 23:56:17 hours
DEBUG 2018-11-28 10:16:25,810: 	 Executing : 
 command : env X509_USER_PROXY=/tmp/x509up_u36946 voms-proxy-info -fqan
 output : /cms/Role=NULL/Capability=NULL

 error: 
 retcode : 0
DEBUG 2018-11-28 10:16:26,294: 	 Registering user credentials for server /DC=ch/DC=cern/OU=computers/CN=vocms(052|058|030|0118|0105|0109).cern.ch|/DC=ch/DC=cern/OU=computers/CN=crab-(preprod|prod)-tw(02|01).cern.ch
DEBUG 2018-11-28 10:16:26,422: 	 Executing : 
 command : openssl x509 -in ~/.globus/usercert.pem -subject -noout
 output : subject= /DC=ch/DC=cern/OU=Organic Units/OU=Users/CN=prabhat/CN=665656/CN=Prabhat Ranjan Pujahari

 error: 
 retcode : 0
DEBUG 2018-11-28 10:16:26,423: 	 Getting myproxy life time left for myproxy.cern.ch
DEBUG 2018-11-28 10:16:26,423: 	 Calculating hash of /DC=ch/DC=cern/OU=Organic Units/OU=Users/CN=prabhat/CN=665656/CN=Prabhat Ranjan Pujahari_cmsweb.cern.ch for credential name
DEBUG 2018-11-28 10:16:26,631: 	 Executing : 
 command : myproxy-info -l f7df78ce5917e56ba6928e0b2bdbc93f09151c90 -s myproxy.cern.ch
 output : username: f7df78ce5917e56ba6928e0b2bdbc93f09151c90
owner: /DC=ch/DC=cern/OU=Organic Units/OU=Users/CN=prabhat/CN=665656/CN=Prabhat Ranjan Pujahari
  renewal policy: /DC=ch/DC=cern/OU=computers/CN=vocms(052|058|030|0118|0105|0109).cern.ch|/DC=ch/DC=cern/OU=computers/CN=crab-(preprod|prod)-tw(02|01).cern.ch
  trusted retrieval policy: /DC=ch/DC=cern/OU=computers/CN=vocms(052|058|030|0118|0105|0109).cern.ch|/DC=ch/DC=cern/OU=computers/CN=crab-(preprod|prod)-tw(02|01).cern.ch
  timeleft: 702:59:34  (29.3 days)

 error: 
 retcode : 0
DEBUG 2018-11-28 10:16:26,632: 	 Myproxy is valid: 2530774
DEBUG 2018-11-28 10:16:26,633: 	 Command use: submit
DEBUG 2018-11-28 10:16:26,633: 	 Options use: ['--config', <WMCore.Configuration.Configuration object at 0x7f01858b13d0>]
DEBUG 2018-11-28 10:16:27,067: 	 CRABClient version: 3.3.1809
DEBUG 2018-11-28 10:16:27,067: 	 Instance is prod
DEBUG 2018-11-28 10:16:27,067: 	 Server base url is cmsweb.cern.ch
DEBUG 2018-11-28 10:16:27,067: 	 Command url /crabserver/prod/workflow
DEBUG 2018-11-28 10:16:27,067: 	 Started submission
DEBUG 2018-11-28 10:16:27,067: 	 Working on /afs/cern.ch/user/p/prabhat/CMSSW_10_3_1/src/Analyzers/ChargeDepAndPtCorr/crab/Prabhat_Method2_PbPb2018_Nov28/crab_PbPb2015_pixelReReco_chgdepcorr_std_central_v1
DEBUG 2018-11-28 10:16:27,660: 	 Loading required information from the environment
DEBUG 2018-11-28 10:16:27,661: 	 Found CMSSW_10_3_1 for slc6_amd64_gcc700 with base /afs/cern.ch/user/p/prabhat/CMSSW_10_3_1
DEBUG 2018-11-28 10:16:27,661: 	 Loading required information from the environment
DEBUG 2018-11-28 10:16:27,661: 	 Found CMSSW_10_3_1 for slc6_amd64_gcc700 with base /afs/cern.ch/user/p/prabhat/CMSSW_10_3_1
DEBUG 2018-11-28 10:16:27,694: 	 UNIQUE NAME: tarUUID 782b379a-93a1-4b89-8d0d-fc54995d2d96 
DEBUG 2018-11-28 10:16:27,695: 	 self.config: from WMCore.Configuration import Configuration
config = Configuration()
config.section_('General')
config.General.transferLogs = False
config.General.transferOutputs = True
config.General.workArea = 'Prabhat_Method2_PbPb2018_Nov28'
config.General.requestName = 'PbPb2015_pixelReReco_chgdepcorr_std_central_v1'
config.section_('JobType')
config.JobType.psetName = '../cfg/chargedepptcorr_central_cfg.py'
config.JobType.pluginName = 'Analysis'
config.JobType.maxMemoryMB = 4000
config.section_('Data')
config.Data.inputDataset = '/HIMinimumBias3/HIRun2018A-PromptReco-v1/AOD'
config.Data.outputDatasetTag = 'Prabhat_Meth2_JSON_PbPb2018_Cent3035_Nov28_ChPN_v1'
config.Data.publication = False
config.Data.unitsPerJob = 20
config.Data.splitting = 'LumiBased'
config.Data.inputDBS = 'global'
config.Data.outLFNDirBase = '/store/user/prabhat/'
config.Data.totalUnits = -1
config.section_('Site')
config.Site.storageSite = 'T2_IN_TIFR'
config.section_('User')
config.section_('Debug')

DEBUG 2018-11-28 10:16:27,695: 	 self.config.JobType.psetName: ../cfg/chargedepptcorr_central_cfg.py
INFO 2018-11-28 10:16:27,695: 	 Importing CMSSW configuration ../cfg/chargedepptcorr_central_cfg.py
INFO 2018-11-28 10:16:34,095: 	 Finished importing CMSSW configuration ../cfg/chargedepptcorr_central_cfg.py
DEBUG 2018-11-28 10:16:34,095: 	 Writing CMSSW configuration to /afs/cern.ch/user/p/prabhat/CMSSW_10_3_1/src/Analyzers/ChargeDepAndPtCorr/crab/Prabhat_Method2_PbPb2018_Nov28/crab_PbPb2015_pixelReReco_chgdepcorr_std_central_v1/inputs/PSet.py
DEBUG 2018-11-28 10:16:36,523: 	 The following EDM output files will be collected: []
DEBUG 2018-11-28 10:16:36,523: 	 The following TFile output files will be collected: ['chargeptdepcorr_central.root']
DEBUG 2018-11-28 10:16:36,523: 	 The following user output files will be collected: []
DEBUG 2018-11-28 10:16:36,523: 	 Loading required information from the environment
DEBUG 2018-11-28 10:16:36,523: 	 Found CMSSW_10_3_1 for slc6_amd64_gcc700 with base /afs/cern.ch/user/p/prabhat/CMSSW_10_3_1
DEBUG 2018-11-28 10:16:36,523: 	 Making tarball in /afs/cern.ch/user/p/prabhat/CMSSW_10_3_1/src/Analyzers/ChargeDepAndPtCorr/crab/Prabhat_Method2_PbPb2018_Nov28/crab_PbPb2015_pixelReReco_chgdepcorr_std_central_v1/inputs/782b379a-93a1-4b89-8d0d-fc54995d2d96default.tgz
DEBUG 2018-11-28 10:16:36,549: 	 Checking directory /afs/cern.ch/user/p/prabhat/CMSSW_10_3_1/lib
DEBUG 2018-11-28 10:16:36,549: 	 Adding directory /afs/cern.ch/user/p/prabhat/CMSSW_10_3_1/lib to tarball
DEBUG 2018-11-28 10:16:37,469: 	 Checking directory /afs/cern.ch/user/p/prabhat/CMSSW_10_3_1/biglib
DEBUG 2018-11-28 10:16:37,469: 	 Adding directory /afs/cern.ch/user/p/prabhat/CMSSW_10_3_1/biglib to tarball
DEBUG 2018-11-28 10:16:37,471: 	 Checking directory /afs/cern.ch/user/p/prabhat/CMSSW_10_3_1/module
DEBUG 2018-11-28 10:16:37,552: 	 Adding data directory /afs/cern.ch/user/p/prabhat/CMSSW_10_3_1/src/Analyzers/ChargeDepAndPtCorr/data to tarball
DEBUG 2018-11-28 10:16:37,596: 	 Adding data directory /afs/cern.ch/user/p/prabhat/CMSSW_10_3_1/src/Analyzers/ChargeDepAndPtCorr/interface to tarball
DEBUG 2018-11-28 10:16:37,666: 	 Adding data directory /afs/cern.ch/user/p/prabhat/CMSSW_10_3_1/src/Analyzers/Cumulants/data to tarball
DEBUG 2018-11-28 10:16:37,676: 	 Adding data directory /afs/cern.ch/user/p/prabhat/CMSSW_10_3_1/src/Analyzers/Cumulants/interface to tarball
DEBUG 2018-11-28 10:16:37,867: 	 Adding data directory /afs/cern.ch/user/p/prabhat/CMSSW_10_3_1/src/Analyzers/NtrkDistribution/data to tarball
DEBUG 2018-11-28 10:16:37,879: 	 Adding data directory /afs/cern.ch/user/p/prabhat/CMSSW_10_3_1/src/Analyzers/NtrkDistribution/interface to tarball
DEBUG 2018-11-28 10:16:37,891: 	 Adding data directory /afs/cern.ch/user/p/prabhat/CMSSW_10_3_1/src/HeavyIonsAnalysis/Configuration/data to tarball
DEBUG 2018-11-28 10:16:37,919: 	 Adding data directory /afs/cern.ch/user/p/prabhat/CMSSW_10_3_1/src/HeavyIonsAnalysis/EventAnalysis/interface to tarball
DEBUG 2018-11-28 10:16:37,927: 	 Adding data directory /afs/cern.ch/user/p/prabhat/CMSSW_10_3_1/src/HeavyIonsAnalysis/JetAnalysis/data to tarball
DEBUG 2018-11-28 10:16:39,479: 	 Adding data directory /afs/cern.ch/user/p/prabhat/CMSSW_10_3_1/src/HeavyIonsAnalysis/JetAnalysis/interface to tarball
DEBUG 2018-11-28 10:16:39,502: 	 Adding data directory /afs/cern.ch/user/p/prabhat/CMSSW_10_3_1/src/HeavyIonsAnalysis/MuonAnalysis/interface to tarball
DEBUG 2018-11-28 10:16:39,509: 	 Adding data directory /afs/cern.ch/user/p/prabhat/CMSSW_10_3_1/src/HeavyIonsAnalysis/PhotonAnalysis/data to tarball
DEBUG 2018-11-28 10:16:39,511: 	 Adding data directory /afs/cern.ch/user/p/prabhat/CMSSW_10_3_1/src/HeavyIonsAnalysis/PhotonAnalysis/interface to tarball
DEBUG 2018-11-28 10:16:39,522: 	 Adding data directory /afs/cern.ch/user/p/prabhat/CMSSW_10_3_1/src/HeavyIonsAnalysis/TrackAnalysis/interface to tarball
DEBUG 2018-11-28 10:16:39,530: 	 Adding data directory /afs/cern.ch/user/p/prabhat/CMSSW_10_3_1/src/HeavyIonsAnalysis/VertexAnalysis/interface to tarball
DEBUG 2018-11-28 10:16:40,184: 	 Uploading archive /afs/cern.ch/user/p/prabhat/CMSSW_10_3_1/src/Analyzers/ChargeDepAndPtCorr/crab/Prabhat_Method2_PbPb2018_Nov28/crab_PbPb2015_pixelReReco_chgdepcorr_std_central_v1/inputs/782b379a-93a1-4b89-8d0d-fc54995d2d96default.tgz (7.933594.1 MB) to the CRAB cache. Using URI https://cmsweb.cern.ch/crabcache
DEBUG 2018-11-28 10:16:43,510: 	 Loading required information from the environment
DEBUG 2018-11-28 10:16:43,510: 	 Found CMSSW_10_3_1 for slc6_amd64_gcc700 with base /afs/cern.ch/user/p/prabhat/CMSSW_10_3_1
DEBUG 2018-11-28 10:16:43,510: 	 Making tarball in /afs/cern.ch/user/p/prabhat/CMSSW_10_3_1/src/Analyzers/ChargeDepAndPtCorr/crab/Prabhat_Method2_PbPb2018_Nov28/crab_PbPb2015_pixelReReco_chgdepcorr_std_central_v1/inputs/debugFiles.tgz
DEBUG 2018-11-28 10:16:43,517: 	 Uploading archive /afs/cern.ch/user/p/prabhat/CMSSW_10_3_1/src/Analyzers/ChargeDepAndPtCorr/crab/Prabhat_Method2_PbPb2018_Nov28/crab_PbPb2015_pixelReReco_chgdepcorr_std_central_v1/inputs/debugFiles.tgz (3 KB) to the CRAB cache. Using URI https://cmsweb.cern.ch/crabcache
DEBUG 2018-11-28 10:16:43,946: 	 Result uploading input files: a580ab98c1f76167bb8db74b8139da3289fa5c43ab08a371a5a01bc99e4b20b6.tar.gz 
INFO 2018-11-28 10:16:43,946: 	 Sending the request to the server
DEBUG 2018-11-28 10:16:43,946: 	 Submitting {'maxjobruntime': 1250, 'extrajdl': [], 'ignorelocality': 0, 'savelogsflag': 0, 'useparent': 0, 'asyncdest': 'T2_IN_TIFR', 'algoargs': 20, 'cachefilename': 'a580ab98c1f76167bb8db74b8139da3289fa5c43ab08a371a5a01bc99e4b20b6.tar.gz', 'numcores': 1, 'addoutputfiles': [], 'generator': 'pythia', 'maxmemory': 4000, 'publishdbsurl': 'https://cmsweb.cern.ch/dbs/prod/phys03/DBSWriter', 'priority': 10, 'jobsw': 'CMSSW_10_3_1', 'edmoutfiles': [], 'userfiles': [], 'primarydataset': '', 'inputdata': '/HIMinimumBias3/HIRun2018A-PromptReco-v1/AOD', 'lfn': '/store/user/prabhat/', 'dryrun': 0, 'workflow': 'crab_PbPb2015_pixelReReco_chgdepcorr_std_central_v1', 'cacheurl': u'https://cmsweb.cern.ch/crabcache', 'nonprodsw': 0, 'tfileoutfiles': ['chargeptdepcorr_central.root'], 'oneEventMode': 0, 'debugfilename': '5d4e55292513b2a7ef80688bc9dd18bbd5f1555febddc533f513e799d577b697.tar.gz', 'saveoutput': 1, 'publication': 0, 'jobarch': 'slc6_amd64_gcc700', 'totalunits': -1, 'splitalgo': 'LumiBased', 'ignoreglobalblacklist': 0, 'nonvaliddata': 0, 'dbsurl': 'https://cmsweb.cern.ch/dbs/prod/global/DBSReader', 'publishgroupname': 0, 'jobtype': 'Analysis', 'publishname2': 'Prabhat_Meth2_JSON_PbPb2018_Cent3035_Nov28_ChPN_v1'} 
DEBUG 2018-11-28 10:16:43,947: 	 Encoded submit request: maxjobruntime=1250&ignorelocality=0&savelogsflag=0&useparent=0&asyncdest=T2_IN_TIFR&algoargs=20&cachefilename=a580ab98c1f76167bb8db74b8139da3289fa5c43ab08a371a5a01bc99e4b20b6.tar.gz&numcores=1&generator=pythia&maxmemory=4000&publishdbsurl=https%3A%2F%2Fcmsweb.cern.ch%2Fdbs%2Fprod%2Fphys03%2FDBSWriter&priority=10&jobsw=CMSSW_10_3_1&primarydataset=&inputdata=%2FHIMinimumBias3%2FHIRun2018A-PromptReco-v1%2FAOD&lfn=%2Fstore%2Fuser%2Fprabhat%2F&dryrun=0&workflow=crab_PbPb2015_pixelReReco_chgdepcorr_std_central_v1&cacheurl=https%3A%2F%2Fcmsweb.cern.ch%2Fcrabcache&nonprodsw=0&oneEventMode=0&debugfilename=5d4e55292513b2a7ef80688bc9dd18bbd5f1555febddc533f513e799d577b697.tar.gz&saveoutput=1&publication=0&jobarch=slc6_amd64_gcc700&totalunits=-1&splitalgo=LumiBased&ignoreglobalblacklist=0&nonvaliddata=0&dbsurl=https%3A%2F%2Fcmsweb.cern.ch%2Fdbs%2Fprod%2Fglobal%2FDBSReader&publishgroupname=0&jobtype=Analysis&publishname2=Prabhat_Meth2_JSON_PbPb2018_Cent3035_Nov28_ChPN_v1&tfileoutfiles=chargeptdepcorr_central.root
DEBUG 2018-11-28 10:16:44,661: 	 Result: {u'result': [{u'RequestName': u'181128_091644:prabhat_crab_PbPb2015_pixelReReco_chgdepcorr_std_central_v1'}]}
INFO 2018-11-28 10:16:44,665: 	 Success: Your task has been delivered to the CRAB3 server.
INFO 2018-11-28 10:16:44,665: 	 Task name: 181128_091644:prabhat_crab_PbPb2015_pixelReReco_chgdepcorr_std_central_v1
INFO 2018-11-28 10:16:44,665: 	 Please use 'crab status' to check how the submission process proceeds.
DEBUG 2018-11-28 10:16:44,665: 	 About to return
